<?xml version="1.0" encoding="UTF-8"?>
<coverage generated="1740169079913" clover="3.2.0">
  <project timestamp="1740169079913" name="All files">
    <metrics statements="65" coveredstatements="65" conditionals="84" coveredconditionals="84" methods="18" coveredmethods="18" elements="167" coveredelements="167" complexity="0" loc="65" ncloc="65" packages="3" files="3" classes="3"/>
    <package name="form-generation.processors">
      <metrics statements="8" coveredstatements="8" conditionals="0" coveredconditionals="0" methods="1" coveredmethods="1"/>
      <file name="frontmatter-processor.js" path="/Users/wernerglinka/Documents/Projects/+++smelter/src/renderer/src/lib/form-generation/processors/frontmatter-processor.js">
        <metrics statements="8" coveredstatements="8" conditionals="0" coveredconditionals="0" methods="1" coveredmethods="1"/>
        <line num="11" count="1" type="stmt"/>
        <line num="12" count="7" type="stmt"/>
        <line num="13" count="7" type="stmt"/>
        <line num="21" count="7" type="stmt"/>
        <line num="22" count="7" type="stmt"/>
        <line num="27" count="6" type="stmt"/>
        <line num="29" count="1" type="stmt"/>
        <line num="30" count="1" type="stmt"/>
      </file>
    </package>
    <package name="form-generation.schema">
      <metrics statements="34" coveredstatements="34" conditionals="52" coveredconditionals="52" methods="10" coveredmethods="10"/>
      <file name="convert-js-to-schema.js" path="/Users/wernerglinka/Documents/Projects/+++smelter/src/renderer/src/lib/form-generation/schema/convert-js-to-schema.js">
        <metrics statements="34" coveredstatements="34" conditionals="52" coveredconditionals="52" methods="10" coveredmethods="10"/>
        <line num="8" count="2" type="stmt"/>
        <line num="9" count="98" type="cond" truecount="2" falsecount="0"/>
        <line num="10" count="91" type="cond" truecount="2" falsecount="0"/>
        <line num="11" count="84" type="cond" truecount="2" falsecount="0"/>
        <line num="13" count="77" type="stmt"/>
        <line num="14" count="77" type="cond" truecount="4" falsecount="0"/>
        <line num="15" count="28" type="cond" truecount="4" falsecount="0"/>
        <line num="17" count="18" type="cond" truecount="4" falsecount="0"/>
        <line num="27" count="103" type="cond" truecount="2" falsecount="0"/>
        <line num="28" count="7" type="stmt"/>
        <line num="31" count="96" type="stmt"/>
        <line num="34" count="48" type="cond" truecount="4" falsecount="0"/>
        <line num="36" count="28" type="stmt"/>
        <line num="47" count="98" type="stmt"/>
        <line num="48" count="98" type="stmt"/>
        <line num="49" count="98" type="stmt"/>
        <line num="52" count="98" type="stmt"/>
        <line num="62" count="98" type="cond" truecount="2" falsecount="0"/>
        <line num="65" count="98" type="cond" truecount="4" falsecount="0"/>
        <line num="66" count="17" type="cond" truecount="2" falsecount="0"/>
        <line num="69" count="17" type="cond" truecount="2" falsecount="0"/>
        <line num="71" count="13" type="cond" truecount="4" falsecount="0"/>
        <line num="72" count="7" type="stmt"/>
        <line num="77" count="13" type="stmt"/>
        <line num="80" count="6" type="stmt"/>
        <line num="82" count="18" type="stmt"/>
        <line num="84" count="17" type="stmt"/>
        <line num="98" count="81" type="stmt"/>
        <line num="113" count="2" type="cond" truecount="1" falsecount="0"/>
        <line num="115" count="55" type="cond" truecount="5" falsecount="0"/>
        <line num="116" count="8" type="stmt"/>
        <line num="120" count="47" type="stmt"/>
        <line num="121" count="58" type="stmt"/>
        <line num="126" count="2" type="stmt"/>
      </file>
    </package>
    <package name="utilities.validation">
      <metrics statements="23" coveredstatements="23" conditionals="32" coveredconditionals="32" methods="7" coveredmethods="7"/>
      <file name="type-validators.js" path="/Users/wernerglinka/Documents/Projects/+++smelter/src/renderer/src/lib/utilities/validation/type-validators.js">
        <metrics statements="23" coveredstatements="23" conditionals="32" coveredconditionals="32" methods="7" coveredmethods="7"/>
        <line num="11" count="3" type="stmt"/>
        <line num="12" count="123" type="cond" truecount="4" falsecount="0"/>
        <line num="13" count="21" type="stmt"/>
        <line num="14" count="21" type="stmt"/>
        <line num="15" count="39" type="cond" truecount="3" falsecount="0"/>
        <line num="24" count="3" type="stmt"/>
        <line num="25" count="114" type="cond" truecount="2" falsecount="0"/>
        <line num="26" count="111" type="cond" truecount="2" falsecount="0"/>
        <line num="27" count="61" type="stmt"/>
        <line num="28" count="61" type="stmt"/>
        <line num="36" count="3" type="stmt"/>
        <line num="37" count="5" type="cond" truecount="2" falsecount="0"/>
        <line num="45" count="3" type="stmt"/>
        <line num="46" count="11" type="cond" truecount="5" falsecount="0"/>
        <line num="47" count="6" type="cond" truecount="2" falsecount="0"/>
        <line num="49" count="5" type="stmt"/>
        <line num="50" count="7" type="cond" truecount="4" falsecount="0"/>
        <line num="60" count="3" type="stmt"/>
        <line num="61" count="14" type="cond" truecount="2" falsecount="0"/>
        <line num="62" count="13" type="cond" truecount="2" falsecount="0"/>
        <line num="63" count="11" type="cond" truecount="2" falsecount="0"/>
        <line num="64" count="9" type="cond" truecount="2" falsecount="0"/>
        <line num="66" count="8" type="stmt"/>
      </file>
    </package>
  </project>
</coverage>
