{
  "/Users/wernerglinka/Documents/Projects/+++smelter/__tests__/lib/form-submission/fixtures/example-form.js": {
    "path": "/Users/wernerglinka/Documents/Projects/+++smelter/__tests__/lib/form-submission/fixtures/example-form.js",
    "statementMap": {
      "0": { "start": { "line": 6, "column": 32 }, "end": { "line": 89, "column": 1 } },
      "1": { "start": { "line": 7, "column": 15 }, "end": { "line": 7, "column": 45 } },
      "2": { "start": { "line": 10, "column": 23 }, "end": { "line": 10, "column": 52 } },
      "3": { "start": { "line": 11, "column": 2 }, "end": { "line": 11, "column": 41 } },
      "4": { "start": { "line": 13, "column": 20 }, "end": { "line": 13, "column": 49 } },
      "5": { "start": { "line": 14, "column": 2 }, "end": { "line": 14, "column": 39 } },
      "6": { "start": { "line": 16, "column": 27 }, "end": { "line": 16, "column": 58 } },
      "7": { "start": { "line": 17, "column": 2 }, "end": { "line": 17, "column": 47 } },
      "8": { "start": { "line": 19, "column": 20 }, "end": { "line": 19, "column": 51 } },
      "9": { "start": { "line": 20, "column": 2 }, "end": { "line": 20, "column": 40 } },
      "10": { "start": { "line": 21, "column": 2 }, "end": { "line": 21, "column": 28 } },
      "11": { "start": { "line": 23, "column": 29 }, "end": { "line": 23, "column": 60 } },
      "12": { "start": { "line": 24, "column": 2 }, "end": { "line": 24, "column": 51 } },
      "13": { "start": { "line": 26, "column": 20 }, "end": { "line": 26, "column": 51 } },
      "14": { "start": { "line": 27, "column": 2 }, "end": { "line": 27, "column": 40 } },
      "15": { "start": { "line": 28, "column": 2 }, "end": { "line": 28, "column": 38 } },
      "16": { "start": { "line": 30, "column": 2 }, "end": { "line": 30, "column": 42 } },
      "17": { "start": { "line": 31, "column": 2 }, "end": { "line": 31, "column": 44 } },
      "18": { "start": { "line": 32, "column": 2 }, "end": { "line": 32, "column": 42 } },
      "19": { "start": { "line": 33, "column": 2 }, "end": { "line": 33, "column": 44 } },
      "20": { "start": { "line": 34, "column": 2 }, "end": { "line": 34, "column": 38 } },
      "21": { "start": { "line": 37, "column": 22 }, "end": { "line": 37, "column": 51 } },
      "22": { "start": { "line": 38, "column": 2 }, "end": { "line": 38, "column": 51 } },
      "23": { "start": { "line": 40, "column": 29 }, "end": { "line": 40, "column": 60 } },
      "24": { "start": { "line": 41, "column": 2 }, "end": { "line": 41, "column": 49 } },
      "25": { "start": { "line": 43, "column": 22 }, "end": { "line": 43, "column": 53 } },
      "26": { "start": { "line": 44, "column": 2 }, "end": { "line": 44, "column": 42 } },
      "27": { "start": { "line": 45, "column": 2 }, "end": { "line": 45, "column": 30 } },
      "28": { "start": { "line": 47, "column": 31 }, "end": { "line": 47, "column": 62 } },
      "29": { "start": { "line": 48, "column": 2 }, "end": { "line": 48, "column": 53 } },
      "30": { "start": { "line": 50, "column": 22 }, "end": { "line": 50, "column": 53 } },
      "31": { "start": { "line": 51, "column": 2 }, "end": { "line": 51, "column": 42 } },
      "32": { "start": { "line": 52, "column": 2 }, "end": { "line": 52, "column": 27 } },
      "33": { "start": { "line": 54, "column": 2 }, "end": { "line": 54, "column": 46 } },
      "34": { "start": { "line": 55, "column": 2 }, "end": { "line": 55, "column": 48 } },
      "35": { "start": { "line": 56, "column": 2 }, "end": { "line": 56, "column": 46 } },
      "36": { "start": { "line": 57, "column": 2 }, "end": { "line": 57, "column": 48 } },
      "37": { "start": { "line": 58, "column": 2 }, "end": { "line": 58, "column": 40 } },
      "38": { "start": { "line": 61, "column": 20 }, "end": { "line": 61, "column": 49 } },
      "39": { "start": { "line": 62, "column": 2 }, "end": { "line": 62, "column": 39 } },
      "40": { "start": { "line": 64, "column": 27 }, "end": { "line": 64, "column": 58 } },
      "41": { "start": { "line": 65, "column": 2 }, "end": { "line": 65, "column": 47 } },
      "42": { "start": { "line": 67, "column": 20 }, "end": { "line": 67, "column": 51 } },
      "43": { "start": { "line": 68, "column": 2 }, "end": { "line": 68, "column": 40 } },
      "44": { "start": { "line": 69, "column": 2 }, "end": { "line": 69, "column": 28 } },
      "45": { "start": { "line": 71, "column": 29 }, "end": { "line": 71, "column": 60 } },
      "46": { "start": { "line": 72, "column": 2 }, "end": { "line": 72, "column": 51 } },
      "47": { "start": { "line": 74, "column": 20 }, "end": { "line": 74, "column": 51 } },
      "48": { "start": { "line": 75, "column": 2 }, "end": { "line": 75, "column": 40 } },
      "49": { "start": { "line": 76, "column": 2 }, "end": { "line": 76, "column": 30 } },
      "50": { "start": { "line": 77, "column": 2 }, "end": { "line": 77, "column": 27 } },
      "51": { "start": { "line": 79, "column": 2 }, "end": { "line": 79, "column": 42 } },
      "52": { "start": { "line": 80, "column": 2 }, "end": { "line": 80, "column": 44 } },
      "53": { "start": { "line": 81, "column": 2 }, "end": { "line": 81, "column": 42 } },
      "54": { "start": { "line": 82, "column": 2 }, "end": { "line": 82, "column": 44 } },
      "55": { "start": { "line": 83, "column": 2 }, "end": { "line": 83, "column": 38 } },
      "56": { "start": { "line": 86, "column": 2 }, "end": { "line": 86, "column": 33 } },
      "57": { "start": { "line": 88, "column": 2 }, "end": { "line": 88, "column": 14 } },
      "58": { "start": { "line": 91, "column": 33 }, "end": { "line": 253, "column": 1 } },
      "59": { "start": { "line": 92, "column": 15 }, "end": { "line": 92, "column": 45 } },
      "60": { "start": { "line": 95, "column": 23 }, "end": { "line": 95, "column": 52 } },
      "61": { "start": { "line": 96, "column": 2 }, "end": { "line": 96, "column": 41 } },
      "62": { "start": { "line": 99, "column": 21 }, "end": { "line": 99, "column": 50 } },
      "63": { "start": { "line": 100, "column": 2 }, "end": { "line": 100, "column": 40 } },
      "64": { "start": { "line": 102, "column": 28 }, "end": { "line": 102, "column": 59 } },
      "65": { "start": { "line": 103, "column": 2 }, "end": { "line": 103, "column": 48 } },
      "66": { "start": { "line": 105, "column": 21 }, "end": { "line": 105, "column": 52 } },
      "67": { "start": { "line": 106, "column": 2 }, "end": { "line": 106, "column": 41 } },
      "68": { "start": { "line": 107, "column": 2 }, "end": { "line": 107, "column": 29 } },
      "69": { "start": { "line": 109, "column": 30 }, "end": { "line": 109, "column": 61 } },
      "70": { "start": { "line": 110, "column": 2 }, "end": { "line": 110, "column": 52 } },
      "71": { "start": { "line": 112, "column": 21 }, "end": { "line": 112, "column": 52 } },
      "72": { "start": { "line": 113, "column": 2 }, "end": { "line": 113, "column": 41 } },
      "73": { "start": { "line": 114, "column": 2 }, "end": { "line": 114, "column": 41 } },
      "74": { "start": { "line": 116, "column": 2 }, "end": { "line": 116, "column": 44 } },
      "75": { "start": { "line": 117, "column": 2 }, "end": { "line": 117, "column": 46 } },
      "76": { "start": { "line": 118, "column": 2 }, "end": { "line": 118, "column": 44 } },
      "77": { "start": { "line": 119, "column": 2 }, "end": { "line": 119, "column": 46 } },
      "78": { "start": { "line": 120, "column": 2 }, "end": { "line": 120, "column": 39 } },
      "79": { "start": { "line": 123, "column": 24 }, "end": { "line": 123, "column": 53 } },
      "80": { "start": { "line": 124, "column": 2 }, "end": { "line": 124, "column": 53 } },
      "81": { "start": { "line": 126, "column": 23 }, "end": { "line": 126, "column": 52 } },
      "82": { "start": { "line": 127, "column": 2 }, "end": { "line": 127, "column": 41 } },
      "83": { "start": { "line": 129, "column": 28 }, "end": { "line": 129, "column": 59 } },
      "84": { "start": { "line": 130, "column": 2 }, "end": { "line": 130, "column": 39 } },
      "85": { "start": { "line": 131, "column": 2 }, "end": { "line": 131, "column": 46 } },
      "86": { "start": { "line": 134, "column": 27 }, "end": { "line": 134, "column": 56 } },
      "87": { "start": { "line": 135, "column": 2 }, "end": { "line": 135, "column": 54 } },
      "88": { "start": { "line": 138, "column": 20 }, "end": { "line": 138, "column": 49 } },
      "89": { "start": { "line": 139, "column": 2 }, "end": { "line": 139, "column": 39 } },
      "90": { "start": { "line": 141, "column": 27 }, "end": { "line": 141, "column": 58 } },
      "91": { "start": { "line": 142, "column": 2 }, "end": { "line": 142, "column": 47 } },
      "92": { "start": { "line": 144, "column": 20 }, "end": { "line": 144, "column": 51 } },
      "93": { "start": { "line": 145, "column": 2 }, "end": { "line": 145, "column": 40 } },
      "94": { "start": { "line": 146, "column": 2 }, "end": { "line": 146, "column": 34 } },
      "95": { "start": { "line": 148, "column": 29 }, "end": { "line": 148, "column": 60 } },
      "96": { "start": { "line": 149, "column": 2 }, "end": { "line": 149, "column": 51 } },
      "97": { "start": { "line": 151, "column": 20 }, "end": { "line": 151, "column": 51 } },
      "98": { "start": { "line": 152, "column": 2 }, "end": { "line": 152, "column": 40 } },
      "99": { "start": { "line": 153, "column": 2 }, "end": { "line": 153, "column": 54 } },
      "100": { "start": { "line": 155, "column": 2 }, "end": { "line": 155, "column": 42 } },
      "101": { "start": { "line": 156, "column": 2 }, "end": { "line": 156, "column": 44 } },
      "102": { "start": { "line": 157, "column": 2 }, "end": { "line": 157, "column": 42 } },
      "103": { "start": { "line": 158, "column": 2 }, "end": { "line": 158, "column": 44 } },
      "104": { "start": { "line": 159, "column": 2 }, "end": { "line": 159, "column": 42 } },
      "105": { "start": { "line": 161, "column": 2 }, "end": { "line": 161, "column": 42 } },
      "106": { "start": { "line": 162, "column": 2 }, "end": { "line": 162, "column": 46 } },
      "107": { "start": { "line": 163, "column": 2 }, "end": { "line": 163, "column": 42 } },
      "108": { "start": { "line": 166, "column": 20 }, "end": { "line": 166, "column": 49 } },
      "109": { "start": { "line": 167, "column": 2 }, "end": { "line": 167, "column": 48 } },
      "110": { "start": { "line": 169, "column": 19 }, "end": { "line": 169, "column": 48 } },
      "111": { "start": { "line": 170, "column": 2 }, "end": { "line": 170, "column": 37 } },
      "112": { "start": { "line": 172, "column": 24 }, "end": { "line": 172, "column": 55 } },
      "113": { "start": { "line": 173, "column": 2 }, "end": { "line": 173, "column": 31 } },
      "114": { "start": { "line": 174, "column": 2 }, "end": { "line": 174, "column": 38 } },
      "115": { "start": { "line": 177, "column": 23 }, "end": { "line": 177, "column": 52 } },
      "116": { "start": { "line": 178, "column": 2 }, "end": { "line": 178, "column": 65 } },
      "117": { "start": { "line": 181, "column": 20 }, "end": { "line": 181, "column": 49 } },
      "118": { "start": { "line": 182, "column": 2 }, "end": { "line": 182, "column": 39 } },
      "119": { "start": { "line": 184, "column": 27 }, "end": { "line": 184, "column": 58 } },
      "120": { "start": { "line": 185, "column": 2 }, "end": { "line": 185, "column": 47 } },
      "121": { "start": { "line": 187, "column": 29 }, "end": { "line": 187, "column": 60 } },
      "122": { "start": { "line": 188, "column": 2 }, "end": { "line": 188, "column": 51 } },
      "123": { "start": { "line": 190, "column": 20 }, "end": { "line": 190, "column": 51 } },
      "124": { "start": { "line": 191, "column": 2 }, "end": { "line": 191, "column": 40 } },
      "125": { "start": { "line": 192, "column": 2 }, "end": { "line": 192, "column": 27 } },
      "126": { "start": { "line": 194, "column": 2 }, "end": { "line": 194, "column": 44 } },
      "127": { "start": { "line": 195, "column": 2 }, "end": { "line": 195, "column": 42 } },
      "128": { "start": { "line": 196, "column": 2 }, "end": { "line": 196, "column": 44 } },
      "129": { "start": { "line": 197, "column": 2 }, "end": { "line": 197, "column": 38 } },
      "130": { "start": { "line": 199, "column": 20 }, "end": { "line": 199, "column": 49 } },
      "131": { "start": { "line": 200, "column": 2 }, "end": { "line": 200, "column": 39 } },
      "132": { "start": { "line": 202, "column": 27 }, "end": { "line": 202, "column": 58 } },
      "133": { "start": { "line": 203, "column": 2 }, "end": { "line": 203, "column": 47 } },
      "134": { "start": { "line": 205, "column": 29 }, "end": { "line": 205, "column": 60 } },
      "135": { "start": { "line": 206, "column": 2 }, "end": { "line": 206, "column": 51 } },
      "136": { "start": { "line": 208, "column": 20 }, "end": { "line": 208, "column": 51 } },
      "137": { "start": { "line": 209, "column": 2 }, "end": { "line": 209, "column": 40 } },
      "138": { "start": { "line": 210, "column": 2 }, "end": { "line": 210, "column": 27 } },
      "139": { "start": { "line": 212, "column": 2 }, "end": { "line": 212, "column": 44 } },
      "140": { "start": { "line": 213, "column": 2 }, "end": { "line": 213, "column": 42 } },
      "141": { "start": { "line": 214, "column": 2 }, "end": { "line": 214, "column": 44 } },
      "142": { "start": { "line": 215, "column": 2 }, "end": { "line": 215, "column": 38 } },
      "143": { "start": { "line": 217, "column": 2 }, "end": { "line": 217, "column": 34 } },
      "144": { "start": { "line": 218, "column": 2 }, "end": { "line": 218, "column": 38 } },
      "145": { "start": { "line": 219, "column": 2 }, "end": { "line": 219, "column": 38 } },
      "146": { "start": { "line": 222, "column": 24 }, "end": { "line": 222, "column": 53 } },
      "147": { "start": { "line": 223, "column": 2 }, "end": { "line": 223, "column": 51 } },
      "148": { "start": { "line": 225, "column": 23 }, "end": { "line": 225, "column": 52 } },
      "149": { "start": { "line": 226, "column": 2 }, "end": { "line": 226, "column": 41 } },
      "150": { "start": { "line": 228, "column": 28 }, "end": { "line": 228, "column": 59 } },
      "151": { "start": { "line": 229, "column": 2 }, "end": { "line": 229, "column": 39 } },
      "152": { "start": { "line": 230, "column": 2 }, "end": { "line": 230, "column": 46 } },
      "153": { "start": { "line": 233, "column": 23 }, "end": { "line": 233, "column": 52 } },
      "154": { "start": { "line": 234, "column": 2 }, "end": { "line": 234, "column": 44 } },
      "155": { "start": { "line": 236, "column": 19 }, "end": { "line": 236, "column": 50 } },
      "156": { "start": { "line": 237, "column": 2 }, "end": { "line": 237, "column": 35 } },
      "157": { "start": { "line": 238, "column": 2 }, "end": { "line": 238, "column": 30 } },
      "158": { "start": { "line": 240, "column": 19 }, "end": { "line": 240, "column": 50 } },
      "159": { "start": { "line": 241, "column": 2 }, "end": { "line": 241, "column": 35 } },
      "160": { "start": { "line": 242, "column": 2 }, "end": { "line": 242, "column": 30 } },
      "161": { "start": { "line": 244, "column": 2 }, "end": { "line": 244, "column": 37 } },
      "162": { "start": { "line": 245, "column": 2 }, "end": { "line": 245, "column": 37 } },
      "163": { "start": { "line": 246, "column": 2 }, "end": { "line": 246, "column": 42 } },
      "164": { "start": { "line": 247, "column": 2 }, "end": { "line": 247, "column": 42 } },
      "165": { "start": { "line": 248, "column": 2 }, "end": { "line": 248, "column": 42 } },
      "166": { "start": { "line": 250, "column": 2 }, "end": { "line": 250, "column": 33 } },
      "167": { "start": { "line": 252, "column": 2 }, "end": { "line": 252, "column": 14 } },
      "168": { "start": { "line": 255, "column": 33 }, "end": { "line": 288, "column": 1 } },
      "169": { "start": { "line": 256, "column": 15 }, "end": { "line": 256, "column": 45 } },
      "170": { "start": { "line": 259, "column": 19 }, "end": { "line": 259, "column": 48 } },
      "171": { "start": { "line": 260, "column": 2 }, "end": { "line": 260, "column": 37 } },
      "172": { "start": { "line": 262, "column": 22 }, "end": { "line": 262, "column": 51 } },
      "173": { "start": { "line": 263, "column": 2 }, "end": { "line": 263, "column": 51 } },
      "174": { "start": { "line": 265, "column": 29 }, "end": { "line": 265, "column": 60 } },
      "175": { "start": { "line": 266, "column": 2 }, "end": { "line": 266, "column": 49 } },
      "176": { "start": { "line": 268, "column": 22 }, "end": { "line": 268, "column": 53 } },
      "177": { "start": { "line": 269, "column": 2 }, "end": { "line": 269, "column": 42 } },
      "178": { "start": { "line": 270, "column": 2 }, "end": { "line": 270, "column": 30 } },
      "179": { "start": { "line": 272, "column": 31 }, "end": { "line": 272, "column": 62 } },
      "180": { "start": { "line": 273, "column": 2 }, "end": { "line": 273, "column": 53 } },
      "181": { "start": { "line": 275, "column": 22 }, "end": { "line": 275, "column": 53 } },
      "182": { "start": { "line": 276, "column": 2 }, "end": { "line": 276, "column": 42 } },
      "183": { "start": { "line": 277, "column": 2 }, "end": { "line": 277, "column": 37 } },
      "184": { "start": { "line": 279, "column": 2 }, "end": { "line": 279, "column": 46 } },
      "185": { "start": { "line": 280, "column": 2 }, "end": { "line": 280, "column": 48 } },
      "186": { "start": { "line": 281, "column": 2 }, "end": { "line": 281, "column": 46 } },
      "187": { "start": { "line": 282, "column": 2 }, "end": { "line": 282, "column": 48 } },
      "188": { "start": { "line": 283, "column": 2 }, "end": { "line": 283, "column": 36 } },
      "189": { "start": { "line": 285, "column": 2 }, "end": { "line": 285, "column": 29 } },
      "190": { "start": { "line": 287, "column": 2 }, "end": { "line": 287, "column": 14 } }
    },
    "fnMap": {
      "0": {
        "name": "(anonymous_0)",
        "decl": { "start": { "line": 6, "column": 32 }, "end": { "line": 6, "column": 33 } },
        "loc": { "start": { "line": 6, "column": 38 }, "end": { "line": 89, "column": 1 } },
        "line": 6
      },
      "1": {
        "name": "(anonymous_1)",
        "decl": { "start": { "line": 91, "column": 33 }, "end": { "line": 91, "column": 34 } },
        "loc": { "start": { "line": 91, "column": 39 }, "end": { "line": 253, "column": 1 } },
        "line": 91
      },
      "2": {
        "name": "(anonymous_2)",
        "decl": { "start": { "line": 255, "column": 33 }, "end": { "line": 255, "column": 34 } },
        "loc": { "start": { "line": 255, "column": 39 }, "end": { "line": 288, "column": 1 } },
        "line": 255
      }
    },
    "branchMap": {},
    "s": {
      "0": 4,
      "1": 14,
      "2": 14,
      "3": 14,
      "4": 14,
      "5": 14,
      "6": 14,
      "7": 14,
      "8": 14,
      "9": 14,
      "10": 14,
      "11": 14,
      "12": 14,
      "13": 14,
      "14": 14,
      "15": 14,
      "16": 14,
      "17": 14,
      "18": 14,
      "19": 14,
      "20": 14,
      "21": 14,
      "22": 14,
      "23": 14,
      "24": 14,
      "25": 14,
      "26": 14,
      "27": 14,
      "28": 14,
      "29": 14,
      "30": 14,
      "31": 14,
      "32": 14,
      "33": 14,
      "34": 14,
      "35": 14,
      "36": 14,
      "37": 14,
      "38": 14,
      "39": 14,
      "40": 14,
      "41": 14,
      "42": 14,
      "43": 14,
      "44": 14,
      "45": 14,
      "46": 14,
      "47": 14,
      "48": 14,
      "49": 14,
      "50": 14,
      "51": 14,
      "52": 14,
      "53": 14,
      "54": 14,
      "55": 14,
      "56": 14,
      "57": 14,
      "58": 4,
      "59": 4,
      "60": 4,
      "61": 4,
      "62": 4,
      "63": 4,
      "64": 4,
      "65": 4,
      "66": 4,
      "67": 4,
      "68": 4,
      "69": 4,
      "70": 4,
      "71": 4,
      "72": 4,
      "73": 4,
      "74": 4,
      "75": 4,
      "76": 4,
      "77": 4,
      "78": 4,
      "79": 4,
      "80": 4,
      "81": 4,
      "82": 4,
      "83": 4,
      "84": 4,
      "85": 4,
      "86": 4,
      "87": 4,
      "88": 4,
      "89": 4,
      "90": 4,
      "91": 4,
      "92": 4,
      "93": 4,
      "94": 4,
      "95": 4,
      "96": 4,
      "97": 4,
      "98": 4,
      "99": 4,
      "100": 4,
      "101": 4,
      "102": 4,
      "103": 4,
      "104": 4,
      "105": 4,
      "106": 4,
      "107": 4,
      "108": 4,
      "109": 4,
      "110": 4,
      "111": 4,
      "112": 4,
      "113": 4,
      "114": 4,
      "115": 4,
      "116": 4,
      "117": 4,
      "118": 4,
      "119": 4,
      "120": 4,
      "121": 4,
      "122": 4,
      "123": 4,
      "124": 4,
      "125": 4,
      "126": 4,
      "127": 4,
      "128": 4,
      "129": 4,
      "130": 4,
      "131": 4,
      "132": 4,
      "133": 4,
      "134": 4,
      "135": 4,
      "136": 4,
      "137": 4,
      "138": 4,
      "139": 4,
      "140": 4,
      "141": 4,
      "142": 4,
      "143": 4,
      "144": 4,
      "145": 4,
      "146": 4,
      "147": 4,
      "148": 4,
      "149": 4,
      "150": 4,
      "151": 4,
      "152": 4,
      "153": 4,
      "154": 4,
      "155": 4,
      "156": 4,
      "157": 4,
      "158": 4,
      "159": 4,
      "160": 4,
      "161": 4,
      "162": 4,
      "163": 4,
      "164": 4,
      "165": 4,
      "166": 4,
      "167": 4,
      "168": 4,
      "169": 2,
      "170": 2,
      "171": 2,
      "172": 2,
      "173": 2,
      "174": 2,
      "175": 2,
      "176": 2,
      "177": 2,
      "178": 2,
      "179": 2,
      "180": 2,
      "181": 2,
      "182": 2,
      "183": 2,
      "184": 2,
      "185": 2,
      "186": 2,
      "187": 2,
      "188": 2,
      "189": 2,
      "190": 2
    },
    "f": { "0": 14, "1": 4, "2": 2 },
    "b": {},
    "_coverageSchema": "1a1c01bbd47fc00a2c39e90264f33305004495a9",
    "hash": "a15731716740e51acffeddea5c7c822d5b03431b"
  },
  "/Users/wernerglinka/Documents/Projects/+++smelter/src/renderer/src/lib/form-generation/components/FormField.jsx": {
    "path": "/Users/wernerglinka/Documents/Projects/+++smelter/src/renderer/src/lib/form-generation/components/FormField.jsx",
    "statementMap": {
      "0": { "start": { "line": 24, "column": 25 }, "end": { "line": 144, "column": 1 } },
      "1": { "start": { "line": 30, "column": 2 }, "end": { "line": 33, "column": 3 } },
      "2": { "start": { "line": 31, "column": 4 }, "end": { "line": 31, "column": 62 } },
      "3": { "start": { "line": 32, "column": 4 }, "end": { "line": 32, "column": 16 } },
      "4": { "start": { "line": 36, "column": 2 }, "end": { "line": 59, "column": 3 } },
      "5": { "start": { "line": 37, "column": 4 }, "end": { "line": 58, "column": 7 } },
      "6": { "start": { "line": 42, "column": 8 }, "end": { "line": 42, "column": 99 } },
      "7": { "start": { "line": 45, "column": 34 }, "end": { "line": 45, "column": 67 } },
      "8": { "start": { "line": 46, "column": 8 }, "end": { "line": 46, "column": 71 } },
      "9": { "start": { "line": 49, "column": 8 }, "end": { "line": 49, "column": 96 } },
      "10": { "start": { "line": 52, "column": 34 }, "end": { "line": 52, "column": 64 } },
      "11": { "start": { "line": 53, "column": 8 }, "end": { "line": 53, "column": 68 } },
      "12": { "start": { "line": 61, "column": 2 }, "end": { "line": 84, "column": 3 } },
      "13": { "start": { "line": 62, "column": 4 }, "end": { "line": 83, "column": 7 } },
      "14": { "start": { "line": 67, "column": 8 }, "end": { "line": 67, "column": 98 } },
      "15": { "start": { "line": 70, "column": 34 }, "end": { "line": 70, "column": 67 } },
      "16": { "start": { "line": 71, "column": 8 }, "end": { "line": 71, "column": 77 } },
      "17": { "start": { "line": 74, "column": 8 }, "end": { "line": 74, "column": 95 } },
      "18": { "start": { "line": 77, "column": 34 }, "end": { "line": 77, "column": 64 } },
      "19": { "start": { "line": 78, "column": 8 }, "end": { "line": 78, "column": 74 } },
      "20": { "start": { "line": 86, "column": 2 }, "end": { "line": 94, "column": 3 } },
      "21": { "start": { "line": 87, "column": 4 }, "end": { "line": 93, "column": 7 } },
      "22": { "start": { "line": 91, "column": 44 }, "end": { "line": 91, "column": 67 } },
      "23": { "start": { "line": 92, "column": 38 }, "end": { "line": 92, "column": 58 } },
      "24": { "start": { "line": 97, "column": 20 }, "end": { "line": 97, "column": 44 } },
      "25": { "start": { "line": 98, "column": 16 }, "end": { "line": 126, "column": 3 } },
      "26": { "start": { "line": 101, "column": 6 }, "end": { "line": 101, "column": 102 } },
      "27": { "start": { "line": 104, "column": 6 }, "end": { "line": 110, "column": 7 } },
      "28": { "start": { "line": 105, "column": 34 }, "end": { "line": 105, "column": 67 } },
      "29": { "start": { "line": 106, "column": 8 }, "end": { "line": 106, "column": 83 } },
      "30": { "start": { "line": 109, "column": 8 }, "end": { "line": 109, "column": 32 } },
      "31": { "start": { "line": 113, "column": 6 }, "end": { "line": 113, "column": 99 } },
      "32": { "start": { "line": 116, "column": 6 }, "end": { "line": 122, "column": 7 } },
      "33": { "start": { "line": 117, "column": 34 }, "end": { "line": 117, "column": 64 } },
      "34": { "start": { "line": 118, "column": 8 }, "end": { "line": 118, "column": 80 } },
      "35": { "start": { "line": 121, "column": 8 }, "end": { "line": 121, "column": 29 } },
      "36": { "start": { "line": 128, "column": 2 }, "end": { "line": 143, "column": 3 } },
      "37": { "start": { "line": 130, "column": 6 }, "end": { "line": 130, "column": 37 } },
      "38": { "start": { "line": 132, "column": 6 }, "end": { "line": 132, "column": 40 } },
      "39": { "start": { "line": 134, "column": 6 }, "end": { "line": 134, "column": 42 } },
      "40": { "start": { "line": 136, "column": 6 }, "end": { "line": 136, "column": 40 } },
      "41": { "start": { "line": 138, "column": 6 }, "end": { "line": 138, "column": 37 } },
      "42": { "start": { "line": 140, "column": 6 }, "end": { "line": 140, "column": 38 } },
      "43": { "start": { "line": 142, "column": 6 }, "end": { "line": 142, "column": 38 } }
    },
    "fnMap": {
      "0": {
        "name": "(anonymous_0)",
        "decl": { "start": { "line": 24, "column": 25 }, "end": { "line": 24, "column": 26 } },
        "loc": { "start": { "line": 29, "column": 6 }, "end": { "line": 144, "column": 1 } },
        "line": 29
      },
      "1": {
        "name": "(anonymous_1)",
        "decl": { "start": { "line": 41, "column": 38 }, "end": { "line": 41, "column": 39 } },
        "loc": { "start": { "line": 41, "column": 44 }, "end": { "line": 47, "column": 7 } },
        "line": 41
      },
      "2": {
        "name": "(anonymous_2)",
        "decl": { "start": { "line": 48, "column": 32 }, "end": { "line": 48, "column": 33 } },
        "loc": { "start": { "line": 48, "column": 38 }, "end": { "line": 54, "column": 7 } },
        "line": 48
      },
      "3": {
        "name": "(anonymous_3)",
        "decl": { "start": { "line": 66, "column": 38 }, "end": { "line": 66, "column": 39 } },
        "loc": { "start": { "line": 66, "column": 44 }, "end": { "line": 72, "column": 7 } },
        "line": 66
      },
      "4": {
        "name": "(anonymous_4)",
        "decl": { "start": { "line": 73, "column": 32 }, "end": { "line": 73, "column": 33 } },
        "loc": { "start": { "line": 73, "column": 38 }, "end": { "line": 79, "column": 7 } },
        "line": 73
      },
      "5": {
        "name": "(anonymous_5)",
        "decl": { "start": { "line": 91, "column": 38 }, "end": { "line": 91, "column": 39 } },
        "loc": { "start": { "line": 91, "column": 44 }, "end": { "line": 91, "column": 67 } },
        "line": 91
      },
      "6": {
        "name": "(anonymous_6)",
        "decl": { "start": { "line": 92, "column": 32 }, "end": { "line": 92, "column": 33 } },
        "loc": { "start": { "line": 92, "column": 38 }, "end": { "line": 92, "column": 58 } },
        "line": 92
      },
      "7": {
        "name": "(anonymous_7)",
        "decl": { "start": { "line": 100, "column": 36 }, "end": { "line": 100, "column": 37 } },
        "loc": { "start": { "line": 100, "column": 42 }, "end": { "line": 111, "column": 5 } },
        "line": 100
      },
      "8": {
        "name": "(anonymous_8)",
        "decl": { "start": { "line": 112, "column": 30 }, "end": { "line": 112, "column": 31 } },
        "loc": { "start": { "line": 112, "column": 36 }, "end": { "line": 123, "column": 5 } },
        "line": 112
      }
    },
    "branchMap": {
      "0": {
        "loc": { "start": { "line": 28, "column": 2 }, "end": { "line": 28, "column": 21 } },
        "type": "default-arg",
        "locations": [
          { "start": { "line": 28, "column": 15 }, "end": { "line": 28, "column": 21 } }
        ],
        "line": 28
      },
      "1": {
        "loc": { "start": { "line": 30, "column": 2 }, "end": { "line": 33, "column": 3 } },
        "type": "if",
        "locations": [
          { "start": { "line": 30, "column": 2 }, "end": { "line": 33, "column": 3 } },
          { "start": {}, "end": {} }
        ],
        "line": 30
      },
      "2": {
        "loc": { "start": { "line": 30, "column": 6 }, "end": { "line": 30, "column": 27 } },
        "type": "binary-expr",
        "locations": [
          { "start": { "line": 30, "column": 6 }, "end": { "line": 30, "column": 12 } },
          { "start": { "line": 30, "column": 16 }, "end": { "line": 30, "column": 27 } }
        ],
        "line": 30
      },
      "3": {
        "loc": { "start": { "line": 36, "column": 2 }, "end": { "line": 59, "column": 3 } },
        "type": "if",
        "locations": [
          { "start": { "line": 36, "column": 2 }, "end": { "line": 59, "column": 3 } },
          { "start": {}, "end": {} }
        ],
        "line": 36
      },
      "4": {
        "loc": { "start": { "line": 41, "column": 19 }, "end": { "line": 47, "column": 19 } },
        "type": "cond-expr",
        "locations": [
          { "start": { "line": 41, "column": 38 }, "end": { "line": 47, "column": 7 } },
          { "start": { "line": 47, "column": 10 }, "end": { "line": 47, "column": 19 } }
        ],
        "line": 41
      },
      "5": {
        "loc": { "start": { "line": 48, "column": 16 }, "end": { "line": 54, "column": 19 } },
        "type": "cond-expr",
        "locations": [
          { "start": { "line": 48, "column": 32 }, "end": { "line": 54, "column": 7 } },
          { "start": { "line": 54, "column": 10 }, "end": { "line": 54, "column": 19 } }
        ],
        "line": 48
      },
      "6": {
        "loc": { "start": { "line": 61, "column": 2 }, "end": { "line": 84, "column": 3 } },
        "type": "if",
        "locations": [
          { "start": { "line": 61, "column": 2 }, "end": { "line": 84, "column": 3 } },
          { "start": {}, "end": {} }
        ],
        "line": 61
      },
      "7": {
        "loc": { "start": { "line": 66, "column": 19 }, "end": { "line": 72, "column": 19 } },
        "type": "cond-expr",
        "locations": [
          { "start": { "line": 66, "column": 38 }, "end": { "line": 72, "column": 7 } },
          { "start": { "line": 72, "column": 10 }, "end": { "line": 72, "column": 19 } }
        ],
        "line": 66
      },
      "8": {
        "loc": { "start": { "line": 73, "column": 16 }, "end": { "line": 79, "column": 19 } },
        "type": "cond-expr",
        "locations": [
          { "start": { "line": 73, "column": 32 }, "end": { "line": 79, "column": 7 } },
          { "start": { "line": 79, "column": 10 }, "end": { "line": 79, "column": 19 } }
        ],
        "line": 73
      },
      "9": {
        "loc": { "start": { "line": 86, "column": 2 }, "end": { "line": 94, "column": 3 } },
        "type": "if",
        "locations": [
          { "start": { "line": 86, "column": 2 }, "end": { "line": 94, "column": 3 } },
          { "start": {}, "end": {} }
        ],
        "line": 86
      },
      "10": {
        "loc": { "start": { "line": 91, "column": 19 }, "end": { "line": 91, "column": 79 } },
        "type": "cond-expr",
        "locations": [
          { "start": { "line": 91, "column": 38 }, "end": { "line": 91, "column": 67 } },
          { "start": { "line": 91, "column": 70 }, "end": { "line": 91, "column": 79 } }
        ],
        "line": 91
      },
      "11": {
        "loc": { "start": { "line": 92, "column": 16 }, "end": { "line": 92, "column": 70 } },
        "type": "cond-expr",
        "locations": [
          { "start": { "line": 92, "column": 32 }, "end": { "line": 92, "column": 58 } },
          { "start": { "line": 92, "column": 61 }, "end": { "line": 92, "column": 70 } }
        ],
        "line": 92
      },
      "12": {
        "loc": { "start": { "line": 100, "column": 17 }, "end": { "line": 111, "column": 17 } },
        "type": "cond-expr",
        "locations": [
          { "start": { "line": 100, "column": 36 }, "end": { "line": 111, "column": 5 } },
          { "start": { "line": 111, "column": 8 }, "end": { "line": 111, "column": 17 } }
        ],
        "line": 100
      },
      "13": {
        "loc": { "start": { "line": 104, "column": 6 }, "end": { "line": 110, "column": 7 } },
        "type": "if",
        "locations": [
          { "start": { "line": 104, "column": 6 }, "end": { "line": 110, "column": 7 } },
          { "start": { "line": 107, "column": 13 }, "end": { "line": 110, "column": 7 } }
        ],
        "line": 104
      },
      "14": {
        "loc": { "start": { "line": 112, "column": 14 }, "end": { "line": 123, "column": 17 } },
        "type": "cond-expr",
        "locations": [
          { "start": { "line": 112, "column": 30 }, "end": { "line": 123, "column": 5 } },
          { "start": { "line": 123, "column": 8 }, "end": { "line": 123, "column": 17 } }
        ],
        "line": 112
      },
      "15": {
        "loc": { "start": { "line": 116, "column": 6 }, "end": { "line": 122, "column": 7 } },
        "type": "if",
        "locations": [
          { "start": { "line": 116, "column": 6 }, "end": { "line": 122, "column": 7 } },
          { "start": { "line": 119, "column": 13 }, "end": { "line": 122, "column": 7 } }
        ],
        "line": 116
      },
      "16": {
        "loc": { "start": { "line": 128, "column": 2 }, "end": { "line": 143, "column": 3 } },
        "type": "switch",
        "locations": [
          { "start": { "line": 129, "column": 4 }, "end": { "line": 130, "column": 37 } },
          { "start": { "line": 131, "column": 4 }, "end": { "line": 132, "column": 40 } },
          { "start": { "line": 133, "column": 4 }, "end": { "line": 134, "column": 42 } },
          { "start": { "line": 135, "column": 4 }, "end": { "line": 136, "column": 40 } },
          { "start": { "line": 137, "column": 4 }, "end": { "line": 138, "column": 37 } },
          { "start": { "line": 139, "column": 4 }, "end": { "line": 140, "column": 38 } },
          { "start": { "line": 141, "column": 4 }, "end": { "line": 142, "column": 38 } }
        ],
        "line": 128
      }
    },
    "s": {
      "0": 1,
      "1": 0,
      "2": 0,
      "3": 0,
      "4": 0,
      "5": 0,
      "6": 0,
      "7": 0,
      "8": 0,
      "9": 0,
      "10": 0,
      "11": 0,
      "12": 0,
      "13": 0,
      "14": 0,
      "15": 0,
      "16": 0,
      "17": 0,
      "18": 0,
      "19": 0,
      "20": 0,
      "21": 0,
      "22": 0,
      "23": 0,
      "24": 0,
      "25": 0,
      "26": 0,
      "27": 0,
      "28": 0,
      "29": 0,
      "30": 0,
      "31": 0,
      "32": 0,
      "33": 0,
      "34": 0,
      "35": 0,
      "36": 0,
      "37": 0,
      "38": 0,
      "39": 0,
      "40": 0,
      "41": 0,
      "42": 0,
      "43": 0
    },
    "f": { "0": 0, "1": 0, "2": 0, "3": 0, "4": 0, "5": 0, "6": 0, "7": 0, "8": 0 },
    "b": {
      "0": [0],
      "1": [0, 0],
      "2": [0, 0],
      "3": [0, 0],
      "4": [0, 0],
      "5": [0, 0],
      "6": [0, 0],
      "7": [0, 0],
      "8": [0, 0],
      "9": [0, 0],
      "10": [0, 0],
      "11": [0, 0],
      "12": [0, 0],
      "13": [0, 0],
      "14": [0, 0],
      "15": [0, 0],
      "16": [0, 0, 0, 0, 0, 0, 0]
    },
    "_coverageSchema": "1a1c01bbd47fc00a2c39e90264f33305004495a9",
    "hash": "338e3c700c49609ea28bc52e2b923b5fe77b4c00"
  },
  "/Users/wernerglinka/Documents/Projects/+++smelter/src/renderer/src/lib/form-generation/components/fields/ArrayField.jsx": {
    "path": "/Users/wernerglinka/Documents/Projects/+++smelter/src/renderer/src/lib/form-generation/components/fields/ArrayField.jsx",
    "statementMap": {
      "0": { "start": { "line": 39, "column": 26 }, "end": { "line": 440, "column": 1 } },
      "1": { "start": { "line": 50, "column": 40 }, "end": { "line": 50, "column": 68 } },
      "2": { "start": { "line": 51, "column": 28 }, "end": { "line": 51, "column": 55 } },
      "3": { "start": { "line": 56, "column": 25 }, "end": { "line": 60, "column": 19 } },
      "4": { "start": { "line": 58, "column": 4 }, "end": { "line": 58, "column": 31 } },
      "5": { "start": { "line": 58, "column": 11 }, "end": { "line": 58, "column": 31 } },
      "6": { "start": { "line": 59, "column": 4 }, "end": { "line": 59, "column": 34 } },
      "7": { "start": { "line": 59, "column": 27 }, "end": { "line": 59, "column": 32 } },
      "8": { "start": { "line": 63, "column": 22 }, "end": { "line": 69, "column": 19 } },
      "9": { "start": { "line": 64, "column": 4 }, "end": { "line": 67, "column": 5 } },
      "10": { "start": { "line": 65, "column": 6 }, "end": { "line": 65, "column": 28 } },
      "11": { "start": { "line": 66, "column": 6 }, "end": { "line": 66, "column": 18 } },
      "12": { "start": { "line": 68, "column": 4 }, "end": { "line": 68, "column": 17 } },
      "13": { "start": { "line": 80, "column": 30 }, "end": { "line": 171, "column": 42 } },
      "14": { "start": { "line": 81, "column": 4 }, "end": { "line": 81, "column": 22 } },
      "15": { "start": { "line": 81, "column": 15 }, "end": { "line": 81, "column": 22 } },
      "16": { "start": { "line": 83, "column": 4 }, "end": { "line": 170, "column": 5 } },
      "17": { "start": { "line": 85, "column": 8 }, "end": { "line": 143, "column": 9 } },
      "18": { "start": { "line": 86, "column": 30 }, "end": { "line": 86, "column": 70 } },
      "19": { "start": { "line": 87, "column": 10 }, "end": { "line": 89, "column": 11 } },
      "20": { "start": { "line": 88, "column": 12 }, "end": { "line": 88, "column": 54 } },
      "21": { "start": { "line": 91, "column": 30 }, "end": { "line": 91, "column": 64 } },
      "22": { "start": { "line": 92, "column": 31 }, "end": { "line": 92, "column": 105 } },
      "23": { "start": { "line": 94, "column": 25 }, "end": { "line": 94, "column": 74 } },
      "24": { "start": { "line": 96, "column": 10 }, "end": { "line": 98, "column": 11 } },
      "25": { "start": { "line": 97, "column": 12 }, "end": { "line": 97, "column": 72 } },
      "26": { "start": { "line": 100, "column": 30 }, "end": { "line": 101, "column": 49 } },
      "27": { "start": { "line": 104, "column": 10 }, "end": { "line": 140, "column": 11 } },
      "28": { "start": { "line": 105, "column": 12 }, "end": { "line": 122, "column": 15 } },
      "29": { "start": { "line": 106, "column": 31 }, "end": { "line": 106, "column": 48 } },
      "30": { "start": { "line": 108, "column": 35 }, "end": { "line": 119, "column": 15 } },
      "31": { "start": { "line": 112, "column": 70 }, "end": { "line": 118, "column": 17 } },
      "32": { "start": { "line": 120, "column": 14 }, "end": { "line": 120, "column": 42 } },
      "33": { "start": { "line": 121, "column": 14 }, "end": { "line": 121, "column": 30 } },
      "34": { "start": { "line": 125, "column": 34 }, "end": { "line": 128, "column": 13 } },
      "35": { "start": { "line": 130, "column": 12 }, "end": { "line": 139, "column": 15 } },
      "36": { "start": { "line": 131, "column": 31 }, "end": { "line": 137, "column": 16 } },
      "37": { "start": { "line": 138, "column": 14 }, "end": { "line": 138, "column": 30 } },
      "38": { "start": { "line": 142, "column": 10 }, "end": { "line": 142, "column": 70 } },
      "39": { "start": { "line": 144, "column": 8 }, "end": { "line": 144, "column": 14 } },
      "40": { "start": { "line": 147, "column": 26 }, "end": { "line": 147, "column": 44 } },
      "41": { "start": { "line": 149, "column": 24 }, "end": { "line": 152, "column": 20 } },
      "42": { "start": { "line": 154, "column": 8 }, "end": { "line": 157, "column": 11 } },
      "43": { "start": { "line": 155, "column": 27 }, "end": { "line": 155, "column": 53 } },
      "44": { "start": { "line": 156, "column": 10 }, "end": { "line": 156, "column": 26 } },
      "45": { "start": { "line": 158, "column": 8 }, "end": { "line": 158, "column": 14 } },
      "46": { "start": { "line": 161, "column": 45 }, "end": { "line": 161, "column": 53 } },
      "47": { "start": { "line": 162, "column": 8 }, "end": { "line": 167, "column": 11 } },
      "48": { "start": { "line": 163, "column": 27 }, "end": { "line": 163, "column": 44 } },
      "49": { "start": { "line": 164, "column": 30 }, "end": { "line": 164, "column": 61 } },
      "50": { "start": { "line": 165, "column": 10 }, "end": { "line": 165, "column": 53 } },
      "51": { "start": { "line": 166, "column": 10 }, "end": { "line": 166, "column": 26 } },
      "52": { "start": { "line": 168, "column": 8 }, "end": { "line": 168, "column": 14 } },
      "53": { "start": { "line": 177, "column": 26 }, "end": { "line": 180, "column": 13 } },
      "54": { "start": { "line": 178, "column": 4 }, "end": { "line": 178, "column": 49 } },
      "55": { "start": { "line": 179, "column": 4 }, "end": { "line": 179, "column": 70 } },
      "56": { "start": { "line": 188, "column": 27 }, "end": { "line": 230, "column": 29 } },
      "57": { "start": { "line": 189, "column": 4 }, "end": { "line": 189, "column": 31 } },
      "58": { "start": { "line": 189, "column": 19 }, "end": { "line": 189, "column": 31 } },
      "59": { "start": { "line": 191, "column": 4 }, "end": { "line": 221, "column": 5 } },
      "60": { "start": { "line": 193, "column": 6 }, "end": { "line": 206, "column": 7 } },
      "61": { "start": { "line": 194, "column": 8 }, "end": { "line": 205, "column": 10 } },
      "62": { "start": { "line": 198, "column": 62 }, "end": { "line": 204, "column": 11 } },
      "63": { "start": { "line": 209, "column": 6 }, "end": { "line": 220, "column": 8 } },
      "64": { "start": { "line": 213, "column": 60 }, "end": { "line": 219, "column": 9 } },
      "65": { "start": { "line": 223, "column": 4 }, "end": { "line": 229, "column": 6 } },
      "66": { "start": { "line": 235, "column": 31 }, "end": { "line": 264, "column": 19 } },
      "67": { "start": { "line": 237, "column": 4 }, "end": { "line": 237, "column": 18 } },
      "68": { "start": { "line": 240, "column": 21 }, "end": { "line": 240, "column": 87 } },
      "69": { "start": { "line": 244, "column": 4 }, "end": { "line": 246, "column": 5 } },
      "70": { "start": { "line": 245, "column": 6 }, "end": { "line": 245, "column": 111 } },
      "71": { "start": { "line": 249, "column": 27 }, "end": { "line": 253, "column": 5 } },
      "72": { "start": { "line": 255, "column": 4 }, "end": { "line": 263, "column": 7 } },
      "73": { "start": { "line": 256, "column": 20 }, "end": { "line": 256, "column": 82 } },
      "74": { "start": { "line": 256, "column": 51 }, "end": { "line": 256, "column": 81 } },
      "75": { "start": { "line": 257, "column": 6 }, "end": { "line": 261, "column": 7 } },
      "76": { "start": { "line": 258, "column": 25 }, "end": { "line": 258, "column": 42 } },
      "77": { "start": { "line": 259, "column": 8 }, "end": { "line": 259, "column": 54 } },
      "78": { "start": { "line": 260, "column": 8 }, "end": { "line": 260, "column": 24 } },
      "79": { "start": { "line": 262, "column": 6 }, "end": { "line": 262, "column": 26 } },
      "80": { "start": { "line": 269, "column": 28 }, "end": { "line": 290, "column": 19 } },
      "81": { "start": { "line": 271, "column": 4 }, "end": { "line": 271, "column": 18 } },
      "82": { "start": { "line": 273, "column": 4 }, "end": { "line": 289, "column": 7 } },
      "83": { "start": { "line": 275, "column": 24 }, "end": { "line": 275, "column": 83 } },
      "84": { "start": { "line": 275, "column": 55 }, "end": { "line": 275, "column": 82 } },
      "85": { "start": { "line": 277, "column": 6 }, "end": { "line": 280, "column": 7 } },
      "86": { "start": { "line": 278, "column": 8 }, "end": { "line": 278, "column": 68 } },
      "87": { "start": { "line": 279, "column": 8 }, "end": { "line": 279, "column": 28 } },
      "88": { "start": { "line": 283, "column": 23 }, "end": { "line": 286, "column": 7 } },
      "89": { "start": { "line": 288, "column": 6 }, "end": { "line": 288, "column": 22 } },
      "90": { "start": { "line": 292, "column": 2 }, "end": { "line": 439, "column": 4 } },
      "91": { "start": { "line": 315, "column": 10 }, "end": { "line": 315, "column": 37 } },
      "92": { "start": { "line": 319, "column": 10 }, "end": { "line": 400, "column": 12 } },
      "93": { "start": { "line": 329, "column": 39 }, "end": { "line": 369, "column": 15 } },
      "94": { "start": { "line": 331, "column": 33 }, "end": { "line": 331, "column": 99 } },
      "95": { "start": { "line": 335, "column": 16 }, "end": { "line": 337, "column": 17 } },
      "96": { "start": { "line": 336, "column": 18 }, "end": { "line": 336, "column": 123 } },
      "97": { "start": { "line": 341, "column": 33 }, "end": { "line": 341, "column": 76 } },
      "98": { "start": { "line": 344, "column": 16 }, "end": { "line": 344, "column": 64 } },
      "99": { "start": { "line": 344, "column": 39 }, "end": { "line": 344, "column": 64 } },
      "100": { "start": { "line": 348, "column": 39 }, "end": { "line": 352, "column": 17 } },
      "101": { "start": { "line": 355, "column": 16 }, "end": { "line": 355, "column": 56 } },
      "102": { "start": { "line": 358, "column": 16 }, "end": { "line": 358, "column": 30 } },
      "103": { "start": { "line": 361, "column": 16 }, "end": { "line": 368, "column": 19 } },
      "104": { "start": { "line": 362, "column": 18 }, "end": { "line": 366, "column": 19 } },
      "105": { "start": { "line": 363, "column": 37 }, "end": { "line": 363, "column": 54 } },
      "106": { "start": { "line": 364, "column": 20 }, "end": { "line": 364, "column": 66 } },
      "107": { "start": { "line": 365, "column": 20 }, "end": { "line": 365, "column": 36 } },
      "108": { "start": { "line": 367, "column": 18 }, "end": { "line": 367, "column": 38 } },
      "109": { "start": { "line": 372, "column": 14 }, "end": { "line": 372, "column": 33 } },
      "110": { "start": { "line": 375, "column": 14 }, "end": { "line": 375, "column": 27 } },
      "111": { "start": { "line": 380, "column": 36 }, "end": { "line": 391, "column": 15 } },
      "112": { "start": { "line": 381, "column": 16 }, "end": { "line": 390, "column": 19 } },
      "113": { "start": { "line": 382, "column": 18 }, "end": { "line": 388, "column": 19 } },
      "114": { "start": { "line": 384, "column": 20 }, "end": { "line": 387, "column": 22 } },
      "115": { "start": { "line": 389, "column": 18 }, "end": { "line": 389, "column": 38 } },
      "116": { "start": { "line": 394, "column": 14 }, "end": { "line": 394, "column": 30 } },
      "117": { "start": { "line": 397, "column": 14 }, "end": { "line": 397, "column": 27 } },
      "118": { "start": { "line": 410, "column": 14 }, "end": { "line": 410, "column": 34 } },
      "119": { "start": { "line": 411, "column": 14 }, "end": { "line": 411, "column": 33 } },
      "120": { "start": { "line": 412, "column": 14 }, "end": { "line": 412, "column": 45 } },
      "121": { "start": { "line": 412, "column": 31 }, "end": { "line": 412, "column": 45 } },
      "122": { "start": { "line": 423, "column": 14 }, "end": { "line": 423, "column": 34 } },
      "123": { "start": { "line": 424, "column": 14 }, "end": { "line": 424, "column": 33 } },
      "124": { "start": { "line": 425, "column": 14 }, "end": { "line": 425, "column": 39 } },
      "125": { "start": { "line": 425, "column": 28 }, "end": { "line": 425, "column": 39 } }
    },
    "fnMap": {
      "0": {
        "name": "(anonymous_0)",
        "decl": { "start": { "line": 39, "column": 26 }, "end": { "line": 39, "column": 27 } },
        "loc": { "start": { "line": 48, "column": 6 }, "end": { "line": 440, "column": 1 } },
        "line": 48
      },
      "1": {
        "name": "(anonymous_1)",
        "decl": { "start": { "line": 56, "column": 37 }, "end": { "line": 56, "column": 38 } },
        "loc": { "start": { "line": 56, "column": 44 }, "end": { "line": 60, "column": 3 } },
        "line": 56
      },
      "2": {
        "name": "(anonymous_2)",
        "decl": { "start": { "line": 59, "column": 19 }, "end": { "line": 59, "column": 20 } },
        "loc": { "start": { "line": 59, "column": 27 }, "end": { "line": 59, "column": 32 } },
        "line": 59
      },
      "3": {
        "name": "(anonymous_3)",
        "decl": { "start": { "line": 63, "column": 34 }, "end": { "line": 63, "column": 35 } },
        "loc": { "start": { "line": 63, "column": 40 }, "end": { "line": 69, "column": 3 } },
        "line": 63
      },
      "4": {
        "name": "(anonymous_4)",
        "decl": { "start": { "line": 80, "column": 42 }, "end": { "line": 80, "column": 43 } },
        "loc": { "start": { "line": 80, "column": 78 }, "end": { "line": 171, "column": 3 } },
        "line": 80
      },
      "5": {
        "name": "(anonymous_5)",
        "decl": { "start": { "line": 105, "column": 21 }, "end": { "line": 105, "column": 22 } },
        "loc": { "start": { "line": 105, "column": 37 }, "end": { "line": 122, "column": 13 } },
        "line": 105
      },
      "6": {
        "name": "(anonymous_6)",
        "decl": { "start": { "line": 112, "column": 47 }, "end": { "line": 112, "column": 48 } },
        "loc": { "start": { "line": 112, "column": 70 }, "end": { "line": 118, "column": 17 } },
        "line": 112
      },
      "7": {
        "name": "(anonymous_7)",
        "decl": { "start": { "line": 130, "column": 21 }, "end": { "line": 130, "column": 22 } },
        "loc": { "start": { "line": 130, "column": 37 }, "end": { "line": 139, "column": 13 } },
        "line": 130
      },
      "8": {
        "name": "(anonymous_8)",
        "decl": { "start": { "line": 154, "column": 17 }, "end": { "line": 154, "column": 18 } },
        "loc": { "start": { "line": 154, "column": 33 }, "end": { "line": 157, "column": 9 } },
        "line": 154
      },
      "9": {
        "name": "(anonymous_9)",
        "decl": { "start": { "line": 162, "column": 17 }, "end": { "line": 162, "column": 18 } },
        "loc": { "start": { "line": 162, "column": 33 }, "end": { "line": 167, "column": 9 } },
        "line": 162
      },
      "10": {
        "name": "(anonymous_10)",
        "decl": { "start": { "line": 177, "column": 38 }, "end": { "line": 177, "column": 39 } },
        "loc": { "start": { "line": 177, "column": 45 }, "end": { "line": 180, "column": 3 } },
        "line": 177
      },
      "11": {
        "name": "(anonymous_11)",
        "decl": { "start": { "line": 188, "column": 39 }, "end": { "line": 188, "column": 40 } },
        "loc": { "start": { "line": 188, "column": 56 }, "end": { "line": 230, "column": 3 } },
        "line": 188
      },
      "12": {
        "name": "(anonymous_12)",
        "decl": { "start": { "line": 198, "column": 43 }, "end": { "line": 198, "column": 44 } },
        "loc": { "start": { "line": 198, "column": 62 }, "end": { "line": 204, "column": 11 } },
        "line": 198
      },
      "13": {
        "name": "(anonymous_13)",
        "decl": { "start": { "line": 213, "column": 41 }, "end": { "line": 213, "column": 42 } },
        "loc": { "start": { "line": 213, "column": 60 }, "end": { "line": 219, "column": 9 } },
        "line": 213
      },
      "14": {
        "name": "(anonymous_14)",
        "decl": { "start": { "line": 235, "column": 43 }, "end": { "line": 235, "column": 44 } },
        "loc": { "start": { "line": 235, "column": 64 }, "end": { "line": 264, "column": 3 } },
        "line": 235
      },
      "15": {
        "name": "(anonymous_15)",
        "decl": { "start": { "line": 255, "column": 13 }, "end": { "line": 255, "column": 14 } },
        "loc": { "start": { "line": 255, "column": 29 }, "end": { "line": 263, "column": 5 } },
        "line": 255
      },
      "16": {
        "name": "(anonymous_16)",
        "decl": { "start": { "line": 256, "column": 43 }, "end": { "line": 256, "column": 44 } },
        "loc": { "start": { "line": 256, "column": 51 }, "end": { "line": 256, "column": 81 } },
        "line": 256
      },
      "17": {
        "name": "(anonymous_17)",
        "decl": { "start": { "line": 269, "column": 40 }, "end": { "line": 269, "column": 41 } },
        "loc": { "start": { "line": 269, "column": 58 }, "end": { "line": 290, "column": 3 } },
        "line": 269
      },
      "18": {
        "name": "(anonymous_18)",
        "decl": { "start": { "line": 273, "column": 13 }, "end": { "line": 273, "column": 14 } },
        "loc": { "start": { "line": 273, "column": 29 }, "end": { "line": 289, "column": 5 } },
        "line": 273
      },
      "19": {
        "name": "(anonymous_19)",
        "decl": { "start": { "line": 275, "column": 47 }, "end": { "line": 275, "column": 48 } },
        "loc": { "start": { "line": 275, "column": 55 }, "end": { "line": 275, "column": 82 } },
        "line": 275
      },
      "20": {
        "name": "(anonymous_20)",
        "decl": { "start": { "line": 314, "column": 16 }, "end": { "line": 314, "column": 17 } },
        "loc": { "start": { "line": 314, "column": 27 }, "end": { "line": 316, "column": 9 } },
        "line": 314
      },
      "21": {
        "name": "(anonymous_21)",
        "decl": { "start": { "line": 318, "column": 19 }, "end": { "line": 318, "column": 20 } },
        "loc": { "start": { "line": 319, "column": 10 }, "end": { "line": 400, "column": 12 } },
        "line": 319
      },
      "22": {
        "name": "(anonymous_22)",
        "decl": { "start": { "line": 326, "column": 30 }, "end": { "line": 326, "column": 31 } },
        "loc": { "start": { "line": 326, "column": 51 }, "end": { "line": 376, "column": 13 } },
        "line": 326
      },
      "23": {
        "name": "(anonymous_23)",
        "decl": { "start": { "line": 329, "column": 39 }, "end": { "line": 329, "column": 40 } },
        "loc": { "start": { "line": 329, "column": 45 }, "end": { "line": 369, "column": 15 } },
        "line": 329
      },
      "24": {
        "name": "(anonymous_24)",
        "decl": { "start": { "line": 361, "column": 25 }, "end": { "line": 361, "column": 26 } },
        "loc": { "start": { "line": 361, "column": 41 }, "end": { "line": 368, "column": 17 } },
        "line": 361
      },
      "25": {
        "name": "(anonymous_25)",
        "decl": { "start": { "line": 377, "column": 27 }, "end": { "line": 377, "column": 28 } },
        "loc": { "start": { "line": 377, "column": 45 }, "end": { "line": 398, "column": 13 } },
        "line": 377
      },
      "26": {
        "name": "(anonymous_26)",
        "decl": { "start": { "line": 380, "column": 36 }, "end": { "line": 380, "column": 37 } },
        "loc": { "start": { "line": 380, "column": 42 }, "end": { "line": 391, "column": 15 } },
        "line": 380
      },
      "27": {
        "name": "(anonymous_27)",
        "decl": { "start": { "line": 381, "column": 25 }, "end": { "line": 381, "column": 26 } },
        "loc": { "start": { "line": 381, "column": 41 }, "end": { "line": 390, "column": 17 } },
        "line": 381
      },
      "28": {
        "name": "(anonymous_28)",
        "decl": { "start": { "line": 409, "column": 21 }, "end": { "line": 409, "column": 22 } },
        "loc": { "start": { "line": 409, "column": 28 }, "end": { "line": 413, "column": 13 } },
        "line": 409
      },
      "29": {
        "name": "(anonymous_29)",
        "decl": { "start": { "line": 422, "column": 21 }, "end": { "line": 422, "column": 22 } },
        "loc": { "start": { "line": 422, "column": 28 }, "end": { "line": 426, "column": 13 } },
        "line": 422
      }
    },
    "branchMap": {
      "0": {
        "loc": { "start": { "line": 45, "column": 2 }, "end": { "line": 45, "column": 25 } },
        "type": "default-arg",
        "locations": [
          { "start": { "line": 45, "column": 21 }, "end": { "line": 45, "column": 25 } }
        ],
        "line": 45
      },
      "1": {
        "loc": { "start": { "line": 46, "column": 2 }, "end": { "line": 46, "column": 22 } },
        "type": "default-arg",
        "locations": [
          { "start": { "line": 46, "column": 18 }, "end": { "line": 46, "column": 22 } }
        ],
        "line": 46
      },
      "2": {
        "loc": { "start": { "line": 47, "column": 2 }, "end": { "line": 47, "column": 27 } },
        "type": "default-arg",
        "locations": [
          { "start": { "line": 47, "column": 23 }, "end": { "line": 47, "column": 27 } }
        ],
        "line": 47
      },
      "3": {
        "loc": { "start": { "line": 51, "column": 37 }, "end": { "line": 51, "column": 54 } },
        "type": "binary-expr",
        "locations": [
          { "start": { "line": 51, "column": 37 }, "end": { "line": 51, "column": 48 } },
          { "start": { "line": 51, "column": 52 }, "end": { "line": 51, "column": 54 } }
        ],
        "line": 51
      },
      "4": {
        "loc": { "start": { "line": 58, "column": 4 }, "end": { "line": 58, "column": 31 } },
        "type": "if",
        "locations": [
          { "start": { "line": 58, "column": 4 }, "end": { "line": 58, "column": 31 } },
          { "start": {}, "end": {} }
        ],
        "line": 58
      },
      "5": {
        "loc": { "start": { "line": 64, "column": 4 }, "end": { "line": 67, "column": 5 } },
        "type": "if",
        "locations": [
          { "start": { "line": 64, "column": 4 }, "end": { "line": 67, "column": 5 } },
          { "start": {}, "end": {} }
        ],
        "line": 64
      },
      "6": {
        "loc": { "start": { "line": 81, "column": 4 }, "end": { "line": 81, "column": 22 } },
        "type": "if",
        "locations": [
          { "start": { "line": 81, "column": 4 }, "end": { "line": 81, "column": 22 } },
          { "start": {}, "end": {} }
        ],
        "line": 81
      },
      "7": {
        "loc": { "start": { "line": 83, "column": 4 }, "end": { "line": 170, "column": 5 } },
        "type": "switch",
        "locations": [
          { "start": { "line": 84, "column": 6 }, "end": { "line": 145, "column": 7 } },
          { "start": { "line": 146, "column": 6 }, "end": { "line": 159, "column": 7 } },
          { "start": { "line": 160, "column": 6 }, "end": { "line": 169, "column": 7 } }
        ],
        "line": 83
      },
      "8": {
        "loc": { "start": { "line": 87, "column": 10 }, "end": { "line": 89, "column": 11 } },
        "type": "if",
        "locations": [
          { "start": { "line": 87, "column": 10 }, "end": { "line": 89, "column": 11 } },
          { "start": {}, "end": {} }
        ],
        "line": 87
      },
      "9": {
        "loc": { "start": { "line": 96, "column": 10 }, "end": { "line": 98, "column": 11 } },
        "type": "if",
        "locations": [
          { "start": { "line": 96, "column": 10 }, "end": { "line": 98, "column": 11 } },
          { "start": {}, "end": {} }
        ],
        "line": 96
      },
      "10": {
        "loc": { "start": { "line": 100, "column": 30 }, "end": { "line": 101, "column": 49 } },
        "type": "cond-expr",
        "locations": [
          { "start": { "line": 101, "column": 12 }, "end": { "line": 101, "column": 35 } },
          { "start": { "line": 101, "column": 38 }, "end": { "line": 101, "column": 49 } }
        ],
        "line": 100
      },
      "11": {
        "loc": { "start": { "line": 104, "column": 10 }, "end": { "line": 140, "column": 11 } },
        "type": "if",
        "locations": [
          { "start": { "line": 104, "column": 10 }, "end": { "line": 140, "column": 11 } },
          { "start": { "line": 123, "column": 17 }, "end": { "line": 140, "column": 11 } }
        ],
        "line": 104
      },
      "12": {
        "loc": { "start": { "line": 117, "column": 25 }, "end": { "line": 117, "column": 44 } },
        "type": "binary-expr",
        "locations": [
          { "start": { "line": 117, "column": 25 }, "end": { "line": 117, "column": 38 } },
          { "start": { "line": 117, "column": 42 }, "end": { "line": 117, "column": 44 } }
        ],
        "line": 117
      },
      "13": {
        "loc": { "start": { "line": 126, "column": 14 }, "end": { "line": 126, "column": 52 } },
        "type": "binary-expr",
        "locations": [
          { "start": { "line": 126, "column": 14 }, "end": { "line": 126, "column": 37 } },
          { "start": { "line": 126, "column": 41 }, "end": { "line": 126, "column": 52 } }
        ],
        "line": 126
      },
      "14": {
        "loc": { "start": { "line": 127, "column": 14 }, "end": { "line": 127, "column": 39 } },
        "type": "binary-expr",
        "locations": [
          { "start": { "line": 127, "column": 14 }, "end": { "line": 127, "column": 33 } },
          { "start": { "line": 127, "column": 37 }, "end": { "line": 127, "column": 39 } }
        ],
        "line": 127
      },
      "15": {
        "loc": { "start": { "line": 133, "column": 23 }, "end": { "line": 133, "column": 70 } },
        "type": "binary-expr",
        "locations": [
          { "start": { "line": 133, "column": 23 }, "end": { "line": 133, "column": 53 } },
          { "start": { "line": 133, "column": 57 }, "end": { "line": 133, "column": 70 } }
        ],
        "line": 133
      },
      "16": {
        "loc": { "start": { "line": 147, "column": 26 }, "end": { "line": 147, "column": 44 } },
        "type": "binary-expr",
        "locations": [
          { "start": { "line": 147, "column": 26 }, "end": { "line": 147, "column": 36 } },
          { "start": { "line": 147, "column": 40 }, "end": { "line": 147, "column": 44 } }
        ],
        "line": 147
      },
      "17": {
        "loc": { "start": { "line": 189, "column": 4 }, "end": { "line": 189, "column": 31 } },
        "type": "if",
        "locations": [
          { "start": { "line": 189, "column": 4 }, "end": { "line": 189, "column": 31 } },
          { "start": {}, "end": {} }
        ],
        "line": 189
      },
      "18": {
        "loc": { "start": { "line": 191, "column": 4 }, "end": { "line": 221, "column": 5 } },
        "type": "if",
        "locations": [
          { "start": { "line": 191, "column": 4 }, "end": { "line": 221, "column": 5 } },
          { "start": {}, "end": {} }
        ],
        "line": 191
      },
      "19": {
        "loc": { "start": { "line": 191, "column": 8 }, "end": { "line": 191, "column": 49 } },
        "type": "binary-expr",
        "locations": [
          { "start": { "line": 191, "column": 8 }, "end": { "line": 191, "column": 32 } },
          { "start": { "line": 191, "column": 36 }, "end": { "line": 191, "column": 49 } }
        ],
        "line": 191
      },
      "20": {
        "loc": { "start": { "line": 193, "column": 6 }, "end": { "line": 206, "column": 7 } },
        "type": "if",
        "locations": [
          { "start": { "line": 193, "column": 6 }, "end": { "line": 206, "column": 7 } },
          { "start": {}, "end": {} }
        ],
        "line": 193
      },
      "21": {
        "loc": { "start": { "line": 193, "column": 10 }, "end": { "line": 193, "column": 50 } },
        "type": "binary-expr",
        "locations": [
          { "start": { "line": 193, "column": 10 }, "end": { "line": 193, "column": 21 } },
          { "start": { "line": 193, "column": 25 }, "end": { "line": 193, "column": 50 } }
        ],
        "line": 193
      },
      "22": {
        "loc": { "start": { "line": 199, "column": 18 }, "end": { "line": 199, "column": 63 } },
        "type": "cond-expr",
        "locations": [
          { "start": { "line": 199, "column": 46 }, "end": { "line": 199, "column": 54 } },
          { "start": { "line": 199, "column": 57 }, "end": { "line": 199, "column": 63 } }
        ],
        "line": 199
      },
      "23": {
        "loc": { "start": { "line": 214, "column": 16 }, "end": { "line": 214, "column": 61 } },
        "type": "cond-expr",
        "locations": [
          { "start": { "line": 214, "column": 44 }, "end": { "line": 214, "column": 52 } },
          { "start": { "line": 214, "column": 55 }, "end": { "line": 214, "column": 61 } }
        ],
        "line": 214
      },
      "24": {
        "loc": { "start": { "line": 244, "column": 4 }, "end": { "line": 246, "column": 5 } },
        "type": "if",
        "locations": [
          { "start": { "line": 244, "column": 4 }, "end": { "line": 246, "column": 5 } },
          { "start": {}, "end": {} }
        ],
        "line": 244
      },
      "25": {
        "loc": { "start": { "line": 245, "column": 44 }, "end": { "line": 245, "column": 108 } },
        "type": "cond-expr",
        "locations": [
          { "start": { "line": 245, "column": 87 }, "end": { "line": 245, "column": 96 } },
          { "start": { "line": 245, "column": 99 }, "end": { "line": 245, "column": 108 } }
        ],
        "line": 245
      },
      "26": {
        "loc": { "start": { "line": 257, "column": 6 }, "end": { "line": 261, "column": 7 } },
        "type": "if",
        "locations": [
          { "start": { "line": 257, "column": 6 }, "end": { "line": 261, "column": 7 } },
          { "start": {}, "end": {} }
        ],
        "line": 257
      },
      "27": {
        "loc": { "start": { "line": 277, "column": 6 }, "end": { "line": 280, "column": 7 } },
        "type": "if",
        "locations": [
          { "start": { "line": 277, "column": 6 }, "end": { "line": 280, "column": 7 } },
          { "start": {}, "end": {} }
        ],
        "line": 277
      },
      "28": {
        "loc": { "start": { "line": 304, "column": 24 }, "end": { "line": 304, "column": 58 } },
        "type": "binary-expr",
        "locations": [
          { "start": { "line": 304, "column": 24 }, "end": { "line": 304, "column": 43 } },
          { "start": { "line": 304, "column": 47 }, "end": { "line": 304, "column": 58 } }
        ],
        "line": 304
      },
      "29": {
        "loc": { "start": { "line": 308, "column": 11 }, "end": { "line": 308, "column": 61 } },
        "type": "cond-expr",
        "locations": [
          { "start": { "line": 308, "column": 25 }, "end": { "line": 308, "column": 42 } },
          { "start": { "line": 308, "column": 45 }, "end": { "line": 308, "column": 61 } }
        ],
        "line": 308
      },
      "30": {
        "loc": { "start": { "line": 312, "column": 58 }, "end": { "line": 312, "column": 91 } },
        "type": "cond-expr",
        "locations": [
          { "start": { "line": 312, "column": 72 }, "end": { "line": 312, "column": 86 } },
          { "start": { "line": 312, "column": 89 }, "end": { "line": 312, "column": 91 } }
        ],
        "line": 312
      },
      "31": {
        "loc": { "start": { "line": 320, "column": 17 }, "end": { "line": 320, "column": 33 } },
        "type": "binary-expr",
        "locations": [
          { "start": { "line": 320, "column": 17 }, "end": { "line": 320, "column": 24 } },
          { "start": { "line": 320, "column": 28 }, "end": { "line": 320, "column": 33 } }
        ],
        "line": 320
      },
      "32": {
        "loc": { "start": { "line": 335, "column": 16 }, "end": { "line": 337, "column": 17 } },
        "type": "if",
        "locations": [
          { "start": { "line": 335, "column": 16 }, "end": { "line": 337, "column": 17 } },
          { "start": {}, "end": {} }
        ],
        "line": 335
      },
      "33": {
        "loc": { "start": { "line": 336, "column": 56 }, "end": { "line": 336, "column": 120 } },
        "type": "cond-expr",
        "locations": [
          { "start": { "line": 336, "column": 99 }, "end": { "line": 336, "column": 108 } },
          { "start": { "line": 336, "column": 111 }, "end": { "line": 336, "column": 120 } }
        ],
        "line": 336
      },
      "34": {
        "loc": { "start": { "line": 344, "column": 16 }, "end": { "line": 344, "column": 64 } },
        "type": "if",
        "locations": [
          { "start": { "line": 344, "column": 16 }, "end": { "line": 344, "column": 64 } },
          { "start": {}, "end": {} }
        ],
        "line": 344
      },
      "35": {
        "loc": { "start": { "line": 350, "column": 25 }, "end": { "line": 350, "column": 55 } },
        "type": "binary-expr",
        "locations": [
          { "start": { "line": 350, "column": 25 }, "end": { "line": 350, "column": 43 } },
          { "start": { "line": 350, "column": 47 }, "end": { "line": 350, "column": 55 } }
        ],
        "line": 350
      },
      "36": {
        "loc": { "start": { "line": 362, "column": 18 }, "end": { "line": 366, "column": 19 } },
        "type": "if",
        "locations": [
          { "start": { "line": 362, "column": 18 }, "end": { "line": 366, "column": 19 } },
          { "start": {}, "end": {} }
        ],
        "line": 362
      },
      "37": {
        "loc": { "start": { "line": 362, "column": 22 }, "end": { "line": 362, "column": 63 } },
        "type": "binary-expr",
        "locations": [
          { "start": { "line": 362, "column": 22 }, "end": { "line": 362, "column": 32 } },
          { "start": { "line": 362, "column": 36 }, "end": { "line": 362, "column": 63 } }
        ],
        "line": 362
      },
      "38": {
        "loc": { "start": { "line": 382, "column": 18 }, "end": { "line": 388, "column": 19 } },
        "type": "if",
        "locations": [
          { "start": { "line": 382, "column": 18 }, "end": { "line": 388, "column": 19 } },
          { "start": {}, "end": {} }
        ],
        "line": 382
      },
      "39": {
        "loc": { "start": { "line": 382, "column": 22 }, "end": { "line": 382, "column": 63 } },
        "type": "binary-expr",
        "locations": [
          { "start": { "line": 382, "column": 22 }, "end": { "line": 382, "column": 32 } },
          { "start": { "line": 382, "column": 36 }, "end": { "line": 382, "column": 63 } }
        ],
        "line": 382
      },
      "40": {
        "loc": { "start": { "line": 405, "column": 9 }, "end": { "line": 417, "column": 9 } },
        "type": "binary-expr",
        "locations": [
          { "start": { "line": 405, "column": 9 }, "end": { "line": 405, "column": 25 } },
          { "start": { "line": 406, "column": 10 }, "end": { "line": 416, "column": 16 } }
        ],
        "line": 405
      },
      "41": {
        "loc": { "start": { "line": 412, "column": 14 }, "end": { "line": 412, "column": 45 } },
        "type": "if",
        "locations": [
          { "start": { "line": 412, "column": 14 }, "end": { "line": 412, "column": 45 } },
          { "start": {}, "end": {} }
        ],
        "line": 412
      },
      "42": {
        "loc": { "start": { "line": 418, "column": 9 }, "end": { "line": 430, "column": 9 } },
        "type": "binary-expr",
        "locations": [
          { "start": { "line": 418, "column": 9 }, "end": { "line": 418, "column": 22 } },
          { "start": { "line": 419, "column": 10 }, "end": { "line": 429, "column": 16 } }
        ],
        "line": 418
      },
      "43": {
        "loc": { "start": { "line": 425, "column": 14 }, "end": { "line": 425, "column": 39 } },
        "type": "if",
        "locations": [
          { "start": { "line": 425, "column": 14 }, "end": { "line": 425, "column": 39 } },
          { "start": {}, "end": {} }
        ],
        "line": 425
      }
    },
    "s": {
      "0": 2,
      "1": 15,
      "2": 15,
      "3": 15,
      "4": 0,
      "5": 0,
      "6": 0,
      "7": 0,
      "8": 15,
      "9": 0,
      "10": 0,
      "11": 0,
      "12": 0,
      "13": 15,
      "14": 0,
      "15": 0,
      "16": 0,
      "17": 0,
      "18": 0,
      "19": 0,
      "20": 0,
      "21": 0,
      "22": 0,
      "23": 0,
      "24": 0,
      "25": 0,
      "26": 0,
      "27": 0,
      "28": 0,
      "29": 0,
      "30": 0,
      "31": 0,
      "32": 0,
      "33": 0,
      "34": 0,
      "35": 0,
      "36": 0,
      "37": 0,
      "38": 0,
      "39": 0,
      "40": 0,
      "41": 0,
      "42": 0,
      "43": 0,
      "44": 0,
      "45": 0,
      "46": 0,
      "47": 0,
      "48": 0,
      "49": 0,
      "50": 0,
      "51": 0,
      "52": 0,
      "53": 15,
      "54": 0,
      "55": 0,
      "56": 15,
      "57": 27,
      "58": 27,
      "59": 0,
      "60": 0,
      "61": 0,
      "62": 0,
      "63": 0,
      "64": 0,
      "65": 0,
      "66": 15,
      "67": 0,
      "68": 0,
      "69": 0,
      "70": 0,
      "71": 0,
      "72": 0,
      "73": 0,
      "74": 0,
      "75": 0,
      "76": 0,
      "77": 0,
      "78": 0,
      "79": 0,
      "80": 15,
      "81": 0,
      "82": 0,
      "83": 0,
      "84": 0,
      "85": 0,
      "86": 0,
      "87": 0,
      "88": 0,
      "89": 0,
      "90": 15,
      "91": 0,
      "92": 27,
      "93": 0,
      "94": 0,
      "95": 0,
      "96": 0,
      "97": 0,
      "98": 0,
      "99": 0,
      "100": 0,
      "101": 0,
      "102": 0,
      "103": 0,
      "104": 0,
      "105": 0,
      "106": 0,
      "107": 0,
      "108": 0,
      "109": 0,
      "110": 0,
      "111": 0,
      "112": 0,
      "113": 0,
      "114": 0,
      "115": 0,
      "116": 0,
      "117": 0,
      "118": 0,
      "119": 0,
      "120": 0,
      "121": 0,
      "122": 0,
      "123": 0,
      "124": 0,
      "125": 0
    },
    "f": {
      "0": 15,
      "1": 0,
      "2": 0,
      "3": 0,
      "4": 0,
      "5": 0,
      "6": 0,
      "7": 0,
      "8": 0,
      "9": 0,
      "10": 0,
      "11": 27,
      "12": 0,
      "13": 0,
      "14": 0,
      "15": 0,
      "16": 0,
      "17": 0,
      "18": 0,
      "19": 0,
      "20": 0,
      "21": 27,
      "22": 0,
      "23": 0,
      "24": 0,
      "25": 0,
      "26": 0,
      "27": 0,
      "28": 0,
      "29": 0
    },
    "b": {
      "0": [15],
      "1": [15],
      "2": [14],
      "3": [15, 1],
      "4": [0, 0],
      "5": [0, 0],
      "6": [0, 0],
      "7": [0, 0, 0],
      "8": [0, 0],
      "9": [0, 0],
      "10": [0, 0],
      "11": [0, 0],
      "12": [0, 0],
      "13": [0, 0],
      "14": [0, 0],
      "15": [0, 0],
      "16": [0, 0],
      "17": [27, 0],
      "18": [0, 0],
      "19": [0, 0],
      "20": [0, 0],
      "21": [0, 0],
      "22": [0, 0],
      "23": [0, 0],
      "24": [0, 0],
      "25": [0, 0],
      "26": [0, 0],
      "27": [0, 0],
      "28": [15, 15],
      "29": [15, 0],
      "30": [15, 0],
      "31": [27, 0],
      "32": [0, 0],
      "33": [0, 0],
      "34": [0, 0],
      "35": [0, 0],
      "36": [0, 0],
      "37": [0, 0],
      "38": [0, 0],
      "39": [0, 0],
      "40": [15, 15],
      "41": [0, 0],
      "42": [15, 15],
      "43": [0, 0]
    },
    "_coverageSchema": "1a1c01bbd47fc00a2c39e90264f33305004495a9",
    "hash": "d2026b89fa49b49caf6a55e3c41010354a1bec21"
  },
  "/Users/wernerglinka/Documents/Projects/+++smelter/src/renderer/src/lib/form-generation/components/fields/BaseField.jsx": {
    "path": "/Users/wernerglinka/Documents/Projects/+++smelter/src/renderer/src/lib/form-generation/components/fields/BaseField.jsx",
    "statementMap": {
      "0": { "start": { "line": 25, "column": 25 }, "end": { "line": 50, "column": 1 } },
      "1": { "start": { "line": 33, "column": 27 }, "end": { "line": 33, "column": 61 } },
      "2": { "start": { "line": 34, "column": 25 }, "end": { "line": 34, "column": 62 } },
      "3": { "start": { "line": 36, "column": 2 }, "end": { "line": 49, "column": 4 } }
    },
    "fnMap": {
      "0": {
        "name": "(anonymous_0)",
        "decl": { "start": { "line": 25, "column": 25 }, "end": { "line": 25, "column": 26 } },
        "loc": { "start": { "line": 32, "column": 6 }, "end": { "line": 50, "column": 1 } },
        "line": 32
      }
    },
    "branchMap": {
      "0": {
        "loc": { "start": { "line": 30, "column": 2 }, "end": { "line": 30, "column": 42 } },
        "type": "default-arg",
        "locations": [
          { "start": { "line": 30, "column": 21 }, "end": { "line": 30, "column": 42 } }
        ],
        "line": 30
      },
      "1": {
        "loc": { "start": { "line": 31, "column": 2 }, "end": { "line": 31, "column": 36 } },
        "type": "default-arg",
        "locations": [
          { "start": { "line": 31, "column": 18 }, "end": { "line": 31, "column": 36 } }
        ],
        "line": 31
      },
      "2": {
        "loc": { "start": { "line": 33, "column": 27 }, "end": { "line": 33, "column": 61 } },
        "type": "cond-expr",
        "locations": [
          { "start": { "line": 33, "column": 42 }, "end": { "line": 33, "column": 56 } },
          { "start": { "line": 33, "column": 59 }, "end": { "line": 33, "column": 61 } }
        ],
        "line": 33
      },
      "3": {
        "loc": { "start": { "line": 34, "column": 25 }, "end": { "line": 34, "column": 62 } },
        "type": "cond-expr",
        "locations": [
          { "start": { "line": 34, "column": 39 }, "end": { "line": 34, "column": 57 } },
          { "start": { "line": 34, "column": 60 }, "end": { "line": 34, "column": 62 } }
        ],
        "line": 34
      }
    },
    "s": { "0": 2, "1": 9, "2": 9, "3": 9 },
    "f": { "0": 9 },
    "b": { "0": [1], "1": [1], "2": [8, 1], "3": [9, 0] },
    "_coverageSchema": "1a1c01bbd47fc00a2c39e90264f33305004495a9",
    "hash": "c39027bf4860e3a671f6618d1113202449e57ce0"
  },
  "/Users/wernerglinka/Documents/Projects/+++smelter/src/renderer/src/lib/form-generation/components/fields/CheckboxField.jsx": {
    "path": "/Users/wernerglinka/Documents/Projects/+++smelter/src/renderer/src/lib/form-generation/components/fields/CheckboxField.jsx",
    "statementMap": {
      "0": { "start": { "line": 20, "column": 29 }, "end": { "line": 71, "column": 1 } },
      "1": { "start": { "line": 29, "column": 16 }, "end": { "line": 29, "column": 56 } },
      "2": { "start": { "line": 31, "column": 2 }, "end": { "line": 36, "column": 5 } },
      "3": { "start": { "line": 38, "column": 2 }, "end": { "line": 70, "column": 4 } }
    },
    "fnMap": {
      "0": {
        "name": "(anonymous_0)",
        "decl": { "start": { "line": 20, "column": 29 }, "end": { "line": 20, "column": 30 } },
        "loc": { "start": { "line": 26, "column": 6 }, "end": { "line": 71, "column": 1 } },
        "line": 26
      }
    },
    "branchMap": {
      "0": {
        "loc": { "start": { "line": 24, "column": 2 }, "end": { "line": 24, "column": 42 } },
        "type": "default-arg",
        "locations": [
          { "start": { "line": 24, "column": 21 }, "end": { "line": 24, "column": 42 } }
        ],
        "line": 24
      },
      "1": {
        "loc": { "start": { "line": 25, "column": 2 }, "end": { "line": 25, "column": 36 } },
        "type": "default-arg",
        "locations": [
          { "start": { "line": 25, "column": 18 }, "end": { "line": 25, "column": 36 } }
        ],
        "line": 25
      },
      "2": {
[...]
      "58": 2,
      "59": 1
    },
    "f": {
      "0": 3,
      "1": 0,
      "2": 0,
      "3": 1,
      "4": 0,
      "5": 0,
      "6": 1,
      "7": 2,
      "8": 1,
      "9": 3,
      "10": 0,
      "11": 5,
      "12": 2,
      "13": 3,
      "14": 0,
      "15": 1,
      "16": 2
    },
    "b": {
      "0": [2, 1],
      "1": [0, 1],
      "2": [0, 0],
      "3": [0, 0],
      "4": [0, 1],
      "5": [1, 1, 1],
      "6": [0, 1],
      "7": [0, 1],
      "8": [1, 1],
      "9": [0, 0],
      "10": [0, 0],
      "11": [4, 1]
    },
    "_coverageSchema": "1a1c01bbd47fc00a2c39e90264f33305004495a9",
    "hash": "4ed2896289aa6a77d9c7fbed2508470418d660f1"
  },
  "/Users/wernerglinka/Documents/Projects/+++smelter/src/renderer/src/lib/utilities/validation/type-validators.js": {
    "path": "/Users/wernerglinka/Documents/Projects/+++smelter/src/renderer/src/lib/utilities/validation/type-validators.js",
    "statementMap": {
      "0": { "start": { "line": 11, "column": 28 }, "end": { "line": 17, "column": 1 } },
      "1": { "start": { "line": 12, "column": 2 }, "end": { "line": 12, "column": 64 } },
      "2": { "start": { "line": 12, "column": 51 }, "end": { "line": 12, "column": 64 } },
      "3": { "start": { "line": 13, "column": 20 }, "end": { "line": 13, "column": 35 } },
      "4": { "start": { "line": 14, "column": 2 }, "end": { "line": 16, "column": 4 } },
      "5": { "start": { "line": 15, "column": 14 }, "end": { "line": 15, "column": 93 } },
      "6": { "start": { "line": 24, "column": 28 }, "end": { "line": 29, "column": 1 } },
      "7": { "start": { "line": 25, "column": 2 }, "end": { "line": 25, "column": 41 } },
      "8": { "start": { "line": 25, "column": 29 }, "end": { "line": 25, "column": 41 } },
      "9": { "start": { "line": 26, "column": 2 }, "end": { "line": 26, "column": 46 } },
      "10": { "start": { "line": 26, "column": 33 }, "end": { "line": 26, "column": 46 } },
      "11": { "start": { "line": 27, "column": 15 }, "end": { "line": 27, "column": 30 } },
      "12": { "start": { "line": 28, "column": 2 }, "end": { "line": 28, "column": 32 } },
      "13": { "start": { "line": 36, "column": 27 }, "end": { "line": 38, "column": 1 } },
      "14": { "start": { "line": 37, "column": 2 }, "end": { "line": 37, "column": 58 } },
      "15": { "start": { "line": 45, "column": 31 }, "end": { "line": 52, "column": 1 } },
      "16": { "start": { "line": 46, "column": 2 }, "end": { "line": 46, "column": 80 } },
      "17": { "start": { "line": 46, "column": 67 }, "end": { "line": 46, "column": 80 } },
      "18": { "start": { "line": 47, "column": 2 }, "end": { "line": 47, "column": 52 } },
      "19": { "start": { "line": 47, "column": 39 }, "end": { "line": 47, "column": 52 } },
      "20": { "start": { "line": 49, "column": 2 }, "end": { "line": 51, "column": 4 } },
      "21": { "start": { "line": 50, "column": 11 }, "end": { "line": 50, "column": 89 } },
      "22": { "start": { "line": 60, "column": 28 }, "end": { "line": 67, "column": 1 } },
      "23": { "start": { "line": 61, "column": 2 }, "end": { "line": 61, "column": 46 } },
      "24": { "start": { "line": 61, "column": 32 }, "end": { "line": 61, "column": 46 } },
      "25": { "start": { "line": 62, "column": 2 }, "end": { "line": 62, "column": 41 } },
      "26": { "start": { "line": 62, "column": 27 }, "end": { "line": 62, "column": 41 } },
      "27": { "start": { "line": 63, "column": 2 }, "end": { "line": 63, "column": 43 } },
      "28": { "start": { "line": 63, "column": 28 }, "end": { "line": 63, "column": 43 } },
      "29": { "start": { "line": 64, "column": 2 }, "end": { "line": 64, "column": 36 } },
      "30": { "start": { "line": 64, "column": 22 }, "end": { "line": 64, "column": 36 } },
      "31": { "start": { "line": 66, "column": 2 }, "end": { "line": 66, "column": 22 } },
      "32": { "start": { "line": 74, "column": 24 }, "end": { "line": 74, "column": 60 } },
      "33": { "start": { "line": 74, "column": 35 }, "end": { "line": 74, "column": 60 } },
      "34": { "start": { "line": 81, "column": 24 }, "end": { "line": 81, "column": 77 } },
      "35": { "start": { "line": 81, "column": 35 }, "end": { "line": 81, "column": 77 } },
      "36": { "start": { "line": 88, "column": 25 }, "end": { "line": 88, "column": 62 } },
      "37": { "start": { "line": 88, "column": 36 }, "end": { "line": 88, "column": 62 } },
      "38": { "start": { "line": 95, "column": 22 }, "end": { "line": 95, "column": 54 } },
      "39": { "start": { "line": 95, "column": 33 }, "end": { "line": 95, "column": 54 } },
      "40": { "start": { "line": 102, "column": 23 }, "end": { "line": 102, "column": 54 } },
      "41": { "start": { "line": 102, "column": 34 }, "end": { "line": 102, "column": 54 } },
      "42": { "start": { "line": 109, "column": 24 }, "end": { "line": 110, "column": 70 } },
      "43": { "start": { "line": 110, "column": 2 }, "end": { "line": 110, "column": 70 } },
      "44": { "start": { "line": 117, "column": 22 }, "end": { "line": 117, "column": 47 } },
      "45": { "start": { "line": 117, "column": 33 }, "end": { "line": 117, "column": 47 } },
      "46": { "start": { "line": 124, "column": 27 }, "end": { "line": 124, "column": 57 } },
      "47": { "start": { "line": 124, "column": 38 }, "end": { "line": 124, "column": 57 } },
      "48": { "start": { "line": 131, "column": 23 }, "end": { "line": 137, "column": 1 } },
      "49": { "start": { "line": 132, "column": 2 }, "end": { "line": 132, "column": 57 } },
      "50": { "start": { "line": 132, "column": 45 }, "end": { "line": 132, "column": 57 } },
      "51": { "start": { "line": 133, "column": 2 }, "end": { "line": 133, "column": 60 } },
      "52": { "start": { "line": 133, "column": 33 }, "end": { "line": 133, "column": 60 } },
      "53": { "start": { "line": 134, "column": 2 }, "end": { "line": 134, "column": 54 } },
      "54": { "start": { "line": 134, "column": 28 }, "end": { "line": 134, "column": 54 } },
      "55": { "start": { "line": 135, "column": 2 }, "end": { "line": 135, "column": 72 } },
      "56": { "start": { "line": 135, "column": 33 }, "end": { "line": 135, "column": 72 } },
      "57": { "start": { "line": 136, "column": 2 }, "end": { "line": 136, "column": 15 } }
    },
    "fnMap": {
      "0": {
        "name": "(anonymous_0)",
        "decl": { "start": { "line": 11, "column": 28 }, "end": { "line": 11, "column": 29 } },
        "loc": { "start": { "line": 11, "column": 39 }, "end": { "line": 17, "column": 1 } },
        "line": 11
      },
      "1": {
        "name": "(anonymous_1)",
        "decl": { "start": { "line": 15, "column": 4 }, "end": { "line": 15, "column": 5 } },
        "loc": { "start": { "line": 15, "column": 14 }, "end": { "line": 15, "column": 93 } },
        "line": 15
      },
      "2": {
        "name": "(anonymous_2)",
        "decl": { "start": { "line": 24, "column": 28 }, "end": { "line": 24, "column": 29 } },
        "loc": { "start": { "line": 24, "column": 39 }, "end": { "line": 29, "column": 1 } },
        "line": 24
      },
      "3": {
        "name": "(anonymous_3)",
        "decl": { "start": { "line": 36, "column": 27 }, "end": { "line": 36, "column": 28 } },
        "loc": { "start": { "line": 36, "column": 38 }, "end": { "line": 38, "column": 1 } },
        "line": 36
      },
      "4": {
        "name": "(anonymous_4)",
        "decl": { "start": { "line": 45, "column": 31 }, "end": { "line": 45, "column": 32 } },
        "loc": { "start": { "line": 45, "column": 42 }, "end": { "line": 52, "column": 1 } },
        "line": 45
      },
      "5": {
        "name": "(anonymous_5)",
        "decl": { "start": { "line": 50, "column": 4 }, "end": { "line": 50, "column": 5 } },
        "loc": { "start": { "line": 50, "column": 11 }, "end": { "line": 50, "column": 89 } },
        "line": 50
      },
      "6": {
        "name": "(anonymous_6)",
        "decl": { "start": { "line": 60, "column": 28 }, "end": { "line": 60, "column": 29 } },
        "loc": { "start": { "line": 60, "column": 44 }, "end": { "line": 67, "column": 1 } },
        "line": 60
      },
      "7": {
        "name": "(anonymous_7)",
        "decl": { "start": { "line": 74, "column": 24 }, "end": { "line": 74, "column": 25 } },
        "loc": { "start": { "line": 74, "column": 35 }, "end": { "line": 74, "column": 60 } },
        "line": 74
      },
      "8": {
        "name": "(anonymous_8)",
        "decl": { "start": { "line": 81, "column": 24 }, "end": { "line": 81, "column": 25 } },
        "loc": { "start": { "line": 81, "column": 35 }, "end": { "line": 81, "column": 77 } },
        "line": 81
      },
      "9": {
        "name": "(anonymous_9)",
        "decl": { "start": { "line": 88, "column": 25 }, "end": { "line": 88, "column": 26 } },
        "loc": { "start": { "line": 88, "column": 36 }, "end": { "line": 88, "column": 62 } },
        "line": 88
      },
      "10": {
        "name": "(anonymous_10)",
        "decl": { "start": { "line": 95, "column": 22 }, "end": { "line": 95, "column": 23 } },
        "loc": { "start": { "line": 95, "column": 33 }, "end": { "line": 95, "column": 54 } },
        "line": 95
      },
      "11": {
        "name": "(anonymous_11)",
        "decl": { "start": { "line": 102, "column": 23 }, "end": { "line": 102, "column": 24 } },
        "loc": { "start": { "line": 102, "column": 34 }, "end": { "line": 102, "column": 54 } },
        "line": 102
      },
      "12": {
        "name": "(anonymous_12)",
        "decl": { "start": { "line": 109, "column": 24 }, "end": { "line": 109, "column": 25 } },
        "loc": { "start": { "line": 110, "column": 2 }, "end": { "line": 110, "column": 70 } },
        "line": 110
      },
      "13": {
        "name": "(anonymous_13)",
        "decl": { "start": { "line": 117, "column": 22 }, "end": { "line": 117, "column": 23 } },
        "loc": { "start": { "line": 117, "column": 33 }, "end": { "line": 117, "column": 47 } },
        "line": 117
      },
      "14": {
        "name": "(anonymous_14)",
        "decl": { "start": { "line": 124, "column": 27 }, "end": { "line": 124, "column": 28 } },
        "loc": { "start": { "line": 124, "column": 38 }, "end": { "line": 124, "column": 57 } },
        "line": 124
      },
      "15": {
        "name": "(anonymous_15)",
        "decl": { "start": { "line": 131, "column": 23 }, "end": { "line": 131, "column": 24 } },
        "loc": { "start": { "line": 131, "column": 34 }, "end": { "line": 137, "column": 1 } },
        "line": 131
      }
    },
    "branchMap": {
      "0": {
        "loc": { "start": { "line": 12, "column": 2 }, "end": { "line": 12, "column": 64 } },
        "type": "if",
        "locations": [
          { "start": { "line": 12, "column": 2 }, "end": { "line": 12, "column": 64 } },
          { "start": {}, "end": {} }
        ],
        "line": 12
      },
      "1": {
        "loc": { "start": { "line": 12, "column": 6 }, "end": { "line": 12, "column": 49 } },
        "type": "binary-expr",
        "locations": [
          { "start": { "line": 12, "column": 6 }, "end": { "line": 12, "column": 27 } },
          { "start": { "line": 12, "column": 31 }, "end": { "line": 12, "column": 49 } }
        ],
        "line": 12
      },
      "2": {
        "loc": { "start": { "line": 15, "column": 14 }, "end": { "line": 15, "column": 93 } },
        "type": "binary-expr",
        "locations": [
          { "start": { "line": 15, "column": 14 }, "end": { "line": 15, "column": 39 } },
          { "start": { "line": 15, "column": 44 }, "end": { "line": 15, "column": 66 } },
          { "start": { "line": 15, "column": 70 }, "end": { "line": 15, "column": 92 } }
        ],
        "line": 15
      },
      "3": {
        "loc": { "start": { "line": 25, "column": 2 }, "end": { "line": 25, "column": 41 } },
        "type": "if",
        "locations": [
          { "start": { "line": 25, "column": 2 }, "end": { "line": 25, "column": 41 } },
          { "start": {}, "end": {} }
        ],
        "line": 25
      },
      "4": {
        "loc": { "start": { "line": 26, "column": 2 }, "end": { "line": 26, "column": 46 } },
        "type": "if",
        "locations": [
          { "start": { "line": 26, "column": 2 }, "end": { "line": 26, "column": 46 } },
          { "start": {}, "end": {} }
        ],
        "line": 26
      },
      "5": {
        "loc": { "start": { "line": 37, "column": 9 }, "end": { "line": 37, "column": 57 } },
        "type": "binary-expr",
        "locations": [
          { "start": { "line": 37, "column": 9 }, "end": { "line": 37, "column": 30 } },
          { "start": { "line": 37, "column": 34 }, "end": { "line": 37, "column": 57 } }
        ],
        "line": 37
      },
      "6": {
        "loc": { "start": { "line": 46, "column": 2 }, "end": { "line": 46, "column": 80 } },
        "type": "if",
        "locations": [
          { "start": { "line": 46, "column": 2 }, "end": { "line": 46, "column": 80 } },
          { "start": {}, "end": {} }
        ],
        "line": 46
      },
      "7": {
        "loc": { "start": { "line": 46, "column": 6 }, "end": { "line": 46, "column": 65 } },
        "type": "binary-expr",
        "locations": [
          { "start": { "line": 46, "column": 6 }, "end": { "line": 46, "column": 12 } },
          { "start": { "line": 46, "column": 16 }, "end": { "line": 46, "column": 41 } },
          { "start": { "line": 46, "column": 45 }, "end": { "line": 46, "column": 65 } }
        ],
        "line": 46
      },
      "8": {
        "loc": { "start": { "line": 47, "column": 2 }, "end": { "line": 47, "column": 52 } },
        "type": "if",
        "locations": [
          { "start": { "line": 47, "column": 2 }, "end": { "line": 47, "column": 52 } },
          { "start": {}, "end": {} }
        ],
        "line": 47
      },
      "9": {
        "loc": { "start": { "line": 50, "column": 11 }, "end": { "line": 50, "column": 89 } },
        "type": "binary-expr",
        "locations": [
          { "start": { "line": 50, "column": 11 }, "end": { "line": 50, "column": 28 } },
          { "start": { "line": 50, "column": 32 }, "end": { "line": 50, "column": 48 } },
          { "start": { "line": 50, "column": 53 }, "end": { "line": 50, "column": 74 } },
          { "start": { "line": 50, "column": 78 }, "end": { "line": 50, "column": 88 } }
        ],
        "line": 50
      },
      "10": {
        "loc": { "start": { "line": 61, "column": 2 }, "end": { "line": 61, "column": 46 } },
        "type": "if",
        "locations": [
          { "start": { "line": 61, "column": 2 }, "end": { "line": 61, "column": 46 } },
          { "start": {}, "end": {} }
        ],
        "line": 61
      },
      "11": {
        "loc": { "start": { "line": 62, "column": 2 }, "end": { "line": 62, "column": 41 } },
        "type": "if",
        "locations": [
          { "start": { "line": 62, "column": 2 }, "end": { "line": 62, "column": 41 } },
          { "start": {}, "end": {} }
        ],
        "line": 62
      },
      "12": {
        "loc": { "start": { "line": 63, "column": 2 }, "end": { "line": 63, "column": 43 } },
        "type": "if",
        "locations": [
          { "start": { "line": 63, "column": 2 }, "end": { "line": 63, "column": 43 } },
          { "start": {}, "end": {} }
        ],
        "line": 63
      },
      "13": {
        "loc": { "start": { "line": 64, "column": 2 }, "end": { "line": 64, "column": 36 } },
        "type": "if",
        "locations": [
          { "start": { "line": 64, "column": 2 }, "end": { "line": 64, "column": 36 } },
          { "start": {}, "end": {} }
        ],
        "line": 64
      },
      "14": {
        "loc": { "start": { "line": 81, "column": 35 }, "end": { "line": 81, "column": 77 } },
        "type": "binary-expr",
        "locations": [
          { "start": { "line": 81, "column": 35 }, "end": { "line": 81, "column": 60 } },
          { "start": { "line": 81, "column": 64 }, "end": { "line": 81, "column": 77 } }
        ],
        "line": 81
      },
      "15": {
        "loc": { "start": { "line": 110, "column": 2 }, "end": { "line": 110, "column": 70 } },
        "type": "binary-expr",
        "locations": [
          { "start": { "line": 110, "column": 2 }, "end": { "line": 110, "column": 27 } },
          { "start": { "line": 110, "column": 31 }, "end": { "line": 110, "column": 52 } },
          { "start": { "line": 110, "column": 56 }, "end": { "line": 110, "column": 70 } }
        ],
        "line": 110
      },
      "16": {
        "loc": { "start": { "line": 132, "column": 2 }, "end": { "line": 132, "column": 57 } },
        "type": "if",
        "locations": [
          { "start": { "line": 132, "column": 2 }, "end": { "line": 132, "column": 57 } },
          { "start": {}, "end": {} }
        ],
        "line": 132
      },
      "17": {
        "loc": { "start": { "line": 132, "column": 6 }, "end": { "line": 132, "column": 43 } },
        "type": "binary-expr",
        "locations": [
          { "start": { "line": 132, "column": 6 }, "end": { "line": 132, "column": 20 } },
          { "start": { "line": 132, "column": 24 }, "end": { "line": 132, "column": 43 } }
        ],
        "line": 132
      },
      "18": {
        "loc": { "start": { "line": 133, "column": 2 }, "end": { "line": 133, "column": 60 } },
        "type": "if",
        "locations": [
          { "start": { "line": 133, "column": 2 }, "end": { "line": 133, "column": 60 } },
          { "start": {}, "end": {} }
        ],
        "line": 133
      },
      "19": {
        "loc": { "start": { "line": 134, "column": 2 }, "end": { "line": 134, "column": 54 } },
        "type": "if",
        "locations": [
          { "start": { "line": 134, "column": 2 }, "end": { "line": 134, "column": 54 } },
          { "start": {}, "end": {} }
        ],
        "line": 134
      },
      "20": {
        "loc": { "start": { "line": 135, "column": 2 }, "end": { "line": 135, "column": 72 } },
        "type": "if",
        "locations": [
          { "start": { "line": 135, "column": 2 }, "end": { "line": 135, "column": 72 } },
          { "start": {}, "end": {} }
        ],
        "line": 135
      }
    },
    "s": {
      "0": 6,
      "1": 123,
      "2": 102,
      "3": 21,
      "4": 21,
      "5": 39,
      "6": 6,
      "7": 114,
      "8": 3,
      "9": 111,
      "10": 50,
      "11": 61,
      "12": 61,
      "13": 6,
      "14": 5,
      "15": 6,
      "16": 11,
      "17": 5,
      "18": 6,
      "19": 1,
      "20": 5,
      "21": 7,
      "22": 6,
      "23": 14,
      "24": 1,
      "25": 13,
      "26": 2,
      "27": 11,
      "28": 2,
      "29": 9,
      "30": 1,
      "31": 8,
      "32": 6,
      "33": 9,
      "34": 6,
      "35": 12,
      "36": 6,
      "37": 10,
      "38": 6,
      "39": 7,
      "40": 6,
      "41": 9,
      "42": 6,
      "43": 9,
      "44": 6,
      "45": 7,
      "46": 6,
      "47": 8,
      "48": 6,
      "49": 12,
      "50": 2,
      "51": 10,
      "52": 3,
      "53": 7,
      "54": 2,
      "55": 5,
      "56": 3,
      "57": 2
    },
    "f": {
      "0": 123,
      "1": 39,
      "2": 114,
      "3": 5,
      "4": 11,
      "5": 7,
      "6": 14,
      "7": 9,
      "8": 12,
      "9": 10,
      "10": 7,
      "11": 9,
      "12": 9,
      "13": 7,
      "14": 8,
      "15": 12
    },
    "b": {
      "0": [102, 21],
      "1": [123, 23],
      "2": [39, 36, 15],
      "3": [3, 111],
      "4": [50, 61],
      "5": [5, 2],
      "6": [5, 6],
      "7": [11, 9, 7],
      "8": [1, 5],
      "9": [7, 6, 5, 1],
      "10": [1, 13],
      "11": [2, 11],
      "12": [2, 9],
      "13": [1, 8],
      "14": [12, 6],
      "15": [9, 5, 4],
      "16": [2, 10],
      "17": [12, 11],
      "18": [3, 7],
      "19": [2, 5],
      "20": [3, 2]
    },
    "_coverageSchema": "1a1c01bbd47fc00a2c39e90264f33305004495a9",
    "hash": "713a5ab996b690418a08895442b891e7720fd364"
  }
}
