{"/Users/wernerglinka/Documents/Projects/+++smelter/src/renderer/src/lib/form-generation/processors/frontmatter-processor.js": {"path":"/Users/wernerglinka/Documents/Projects/+++smelter/src/renderer/src/lib/form-generation/processors/frontmatter-processor.js","statementMap":{"0":{"start":{"line":11,"column":34},"end":{"line":32,"column":1}},"1":{"start":{"line":12,"column":2},"end":{"line":31,"column":3}},"2":{"start":{"line":13,"column":27},"end":{"line":13,"column":52}},"3":{"start":{"line":21,"column":19},"end":{"line":21,"column":75}},"4":{"start":{"line":22,"column":4},"end":{"line":22,"column":27}},"5":{"start":{"line":27,"column":4},"end":{"line":27,"column":18}},"6":{"start":{"line":29,"column":4},"end":{"line":29,"column":58}},"7":{"start":{"line":30,"column":4},"end":{"line":30,"column":16}}},"fnMap":{"0":{"name":"(anonymous_0)","decl":{"start":{"line":11,"column":34},"end":{"line":11,"column":35}},"loc":{"start":{"line":11,"column":66},"end":{"line":32,"column":1}},"line":11}},"branchMap":{},"s":{"0":1,"1":7,"2":7,"3":7,"4":7,"5":6,"6":1,"7":1},"f":{"0":7},"b":{},"_coverageSchema":"1a1c01bbd47fc00a2c39e90264f33305004495a9","hash":"39906e0d3d9389fc8ec98f22d74412319571e24c"}
,"/Users/wernerglinka/Documents/Projects/+++smelter/src/renderer/src/lib/form-generation/schema/convert-js-to-schema.js": {"path":"/Users/wernerglinka/Documents/Projects/+++smelter/src/renderer/src/lib/form-generation/schema/convert-js-to-schema.js","statementMap":{"0":{"start":{"line":8,"column":18},"end":{"line":18,"column":1}},"1":{"start":{"line":9,"column":2},"end":{"line":9,"column":41}},"2":{"start":{"line":9,"column":27},"end":{"line":9,"column":41}},"3":{"start":{"line":10,"column":2},"end":{"line":10,"column":41}},"4":{"start":{"line":10,"column":27},"end":{"line":10,"column":41}},"5":{"start":{"line":11,"column":2},"end":{"line":11,"column":43}},"6":{"start":{"line":11,"column":28},"end":{"line":11,"column":43}},"7":{"start":{"line":13,"column":15},"end":{"line":13,"column":27}},"8":{"start":{"line":14,"column":2},"end":{"line":14,"column":75}},"9":{"start":{"line":14,"column":25},"end":{"line":14,"column":75}},"10":{"start":{"line":15,"column":2},"end":{"line":15,"column":59}},"11":{"start":{"line":15,"column":43},"end":{"line":15,"column":59}},"12":{"start":{"line":17,"column":2},"end":{"line":17,"column":81}},"13":{"start":{"line":27,"column":2},"end":{"line":29,"column":3}},"14":{"start":{"line":28,"column":4},"end":{"line":28,"column":21}},"15":{"start":{"line":31,"column":2},"end":{"line":36,"column":41}},"16":{"start":{"line":34,"column":8},"end":{"line":34,"column":93}},"17":{"start":{"line":36,"column":21},"end":{"line":36,"column":39}},"18":{"start":{"line":47,"column":23},"end":{"line":47,"column":39}},"19":{"start":{"line":48,"column":22},"end":{"line":48,"column":51}},"20":{"start":{"line":49,"column":21},"end":{"line":49,"column":41}},"21":{"start":{"line":52,"column":20},"end":{"line":59,"column":3}},"22":{"start":{"line":62,"column":16},"end":{"line":62,"column":81}},"23":{"start":{"line":65,"column":2},"end":{"line":96,"column":3}},"24":{"start":{"line":66,"column":24},"end":{"line":66,"column":53}},"25":{"start":{"line":69,"column":21},"end":{"line":82,"column":77}},"26":{"start":{"line":71,"column":10},"end":{"line":79,"column":11}},"27":{"start":{"line":72,"column":12},"end":{"line":78,"column":14}},"28":{"start":{"line":77,"column":59},"end":{"line":77,"column":84}},"29":{"start":{"line":80,"column":10},"end":{"line":80,"column":56}},"30":{"start":{"line":82,"column":46},"end":{"line":82,"column":76}},"31":{"start":{"line":84,"column":4},"end":{"line":95,"column":6}},"32":{"start":{"line":98,"column":2},"end":{"line":98,"column":15}},"33":{"start":{"line":113,"column":37},"end":{"line":123,"column":1}},"34":{"start":{"line":115,"column":2},"end":{"line":117,"column":3}},"35":{"start":{"line":116,"column":4},"end":{"line":116,"column":26}},"36":{"start":{"line":120,"column":2},"end":{"line":122,"column":4}},"37":{"start":{"line":121,"column":55},"end":{"line":121,"column":86}},"38":{"start":{"line":126,"column":24},"end":{"line":129,"column":1}}},"fnMap":{"0":{"name":"(anonymous_0)","decl":{"start":{"line":8,"column":18},"end":{"line":8,"column":19}},"loc":{"start":{"line":8,"column":29},"end":{"line":18,"column":1}},"line":8},"1":{"name":"matchSchemaField","decl":{"start":{"line":26,"column":9},"end":{"line":26,"column":25}},"loc":{"start":{"line":26,"column":44},"end":{"line":37,"column":1}},"line":26},"2":{"name":"(anonymous_2)","decl":{"start":{"line":33,"column":6},"end":{"line":33,"column":7}},"loc":{"start":{"line":34,"column":8},"end":{"line":34,"column":93}},"line":34},"3":{"name":"(anonymous_3)","decl":{"start":{"line":36,"column":10},"end":{"line":36,"column":11}},"loc":{"start":{"line":36,"column":21},"end":{"line":36,"column":39}},"line":36},"4":{"name":"createField","decl":{"start":{"line":46,"column":9},"end":{"line":46,"column":20}},"loc":{"start":{"line":46,"column":46},"end":{"line":99,"column":1}},"line":46},"5":{"name":"(anonymous_5)","decl":{"start":{"line":70,"column":18},"end":{"line":70,"column":19}},"loc":{"start":{"line":70,"column":35},"end":{"line":81,"column":9}},"line":70},"6":{"name":"(anonymous_6)","decl":{"start":{"line":77,"column":47},"end":{"line":77,"column":48}},"loc":{"start":{"line":77,"column":59},"end":{"line":77,"column":84}},"line":77},"7":{"name":"(anonymous_7)","decl":{"start":{"line":82,"column":34},"end":{"line":82,"column":35}},"loc":{"start":{"line":82,"column":46},"end":{"line":82,"column":76}},"line":82},"8":{"name":"(anonymous_8)","decl":{"start":{"line":113,"column":37},"end":{"line":113,"column":38}},"loc":{"start":{"line":113,"column":66},"end":{"line":123,"column":1}},"line":113},"9":{"name":"(anonymous_9)","decl":{"start":{"line":121,"column":37},"end":{"line":121,"column":38}},"loc":{"start":{"line":121,"column":55},"end":{"line":121,"column":86}},"line":121}},"branchMap":{"0":{"loc":{"start":{"line":9,"column":2},"end":{"line":9,"column":41}},"type":"if","locations":[{"start":{"line":9,"column":2},"end":{"line":9,"column":41}},{"start":{},"end":{}}],"line":9},"1":{"loc":{"start":{"line":10,"column":2},"end":{"line":10,"column":41}},"type":"if","locations":[{"start":{"line":10,"column":2},"end":{"line":10,"column":41}},{"start":{},"end":{}}],"line":10},"2":{"loc":{"start":{"line":11,"column":2},"end":{"line":11,"column":43}},"type":"if","locations":[{"start":{"line":11,"column":2},"end":{"line":11,"column":43}},{"start":{},"end":{}}],"line":11},"3":{"loc":{"start":{"line":14,"column":2},"end":{"line":14,"column":75}},"type":"if","locations":[{"start":{"line":14,"column":2},"end":{"line":14,"column":75}},{"start":{},"end":{}}],"line":14},"4":{"loc":{"start":{"line":14,"column":32},"end":{"line":14,"column":74}},"type":"cond-expr","locations":[{"start":{"line":14,"column":55},"end":{"line":14,"column":65}},{"start":{"line":14,"column":68},"end":{"line":14,"column":74}}],"line":14},"5":{"loc":{"start":{"line":15,"column":2},"end":{"line":15,"column":59}},"type":"if","locations":[{"start":{"line":15,"column":2},"end":{"line":15,"column":59}},{"start":{},"end":{}}],"line":15},"6":{"loc":{"start":{"line":15,"column":6},"end":{"line":15,"column":41}},"type":"binary-expr","locations":[{"start":{"line":15,"column":6},"end":{"line":15,"column":23}},{"start":{"line":15,"column":27},"end":{"line":15,"column":41}}],"line":15},"7":{"loc":{"start":{"line":17,"column":9},"end":{"line":17,"column":80}},"type":"cond-expr","locations":[{"start":{"line":17,"column":30},"end":{"line":17,"column":40}},{"start":{"line":17,"column":43},"end":{"line":17,"column":80}}],"line":17},"8":{"loc":{"start":{"line":17,"column":43},"end":{"line":17,"column":80}},"type":"cond-expr","locations":[{"start":{"line":17,"column":63},"end":{"line":17,"column":71}},{"start":{"line":17,"column":74},"end":{"line":17,"column":80}}],"line":17},"9":{"loc":{"start":{"line":26,"column":31},"end":{"line":26,"column":42}},"type":"default-arg","locations":[{"start":{"line":26,"column":40},"end":{"line":26,"column":42}}],"line":26},"10":{"loc":{"start":{"line":27,"column":2},"end":{"line":29,"column":3}},"type":"if","locations":[{"start":{"line":27,"column":2},"end":{"line":29,"column":3}},{"start":{},"end":{}}],"line":27},"11":{"loc":{"start":{"line":34,"column":8},"end":{"line":34,"column":93}},"type":"binary-expr","locations":[{"start":{"line":34,"column":8},"end":{"line":34,"column":13}},{"start":{"line":34,"column":17},"end":{"line":34,"column":42}},{"start":{"line":34,"column":46},"end":{"line":34,"column":70}},{"start":{"line":34,"column":74},"end":{"line":34,"column":93}}],"line":34},"12":{"loc":{"start":{"line":46,"column":33},"end":{"line":46,"column":44}},"type":"default-arg","locations":[{"start":{"line":46,"column":42},"end":{"line":46,"column":44}}],"line":46},"13":{"loc":{"start":{"line":55,"column":10},"end":{"line":55,"column":43}},"type":"binary-expr","locations":[{"start":{"line":55,"column":10},"end":{"line":55,"column":27}},{"start":{"line":55,"column":31},"end":{"line":55,"column":43}}],"line":55},"14":{"loc":{"start":{"line":62,"column":16},"end":{"line":62,"column":81}},"type":"cond-expr","locations":[{"start":{"line":62,"column":30},"end":{"line":62,"column":69}},{"start":{"line":62,"column":72},"end":{"line":62,"column":81}}],"line":62},"15":{"loc":{"start":{"line":65,"column":2},"end":{"line":96,"column":3}},"type":"if","locations":[{"start":{"line":65,"column":2},"end":{"line":96,"column":3}},{"start":{},"end":{}}],"line":65},"16":{"loc":{"start":{"line":65,"column":6},"end":{"line":65,"column":59}},"type":"binary-expr","locations":[{"start":{"line":65,"column":6},"end":{"line":65,"column":30}},{"start":{"line":65,"column":34},"end":{"line":65,"column":59}}],"line":65},"17":{"loc":{"start":{"line":66,"column":24},"end":{"line":66,"column":53}},"type":"binary-expr","locations":[{"start":{"line":66,"column":24},"end":{"line":66,"column":43}},{"start":{"line":66,"column":47},"end":{"line":66,"column":53}}],"line":66},"18":{"loc":{"start":{"line":69,"column":21},"end":{"line":82,"column":77}},"type":"cond-expr","locations":[{"start":{"line":70,"column":8},"end":{"line":81,"column":10}},{"start":{"line":82,"column":8},"end":{"line":82,"column":77}}],"line":69},"19":{"loc":{"start":{"line":71,"column":10},"end":{"line":79,"column":11}},"type":"if","locations":[{"start":{"line":71,"column":10},"end":{"line":79,"column":11}},{"start":{},"end":{}}],"line":71},"20":{"loc":{"start":{"line":71,"column":14},"end":{"line":71,"column":55}},"type":"binary-expr","locations":[{"start":{"line":71,"column":14},"end":{"line":71,"column":38}},{"start":{"line":71,"column":42},"end":{"line":71,"column":55}}],"line":71},"21":{"loc":{"start":{"line":87,"column":7},"end":{"line":87,"column":52}},"type":"cond-expr","locations":[{"start":{"line":87,"column":34},"end":{"line":87,"column":41}},{"start":{"line":87,"column":44},"end":{"line":87,"column":52}}],"line":87},"22":{"loc":{"start":{"line":88,"column":10},"end":{"line":94,"column":11}},"type":"cond-expr","locations":[{"start":{"line":89,"column":10},"end":{"line":89,"column":12}},{"start":{"line":90,"column":10},"end":{"line":94,"column":11}}],"line":88},"23":{"loc":{"start":{"line":113,"column":50},"end":{"line":113,"column":61}},"type":"default-arg","locations":[{"start":{"line":113,"column":59},"end":{"line":113,"column":61}}],"line":113},"24":{"loc":{"start":{"line":115,"column":2},"end":{"line":117,"column":3}},"type":"if","locations":[{"start":{"line":115,"column":2},"end":{"line":117,"column":3}},{"start":{},"end":{}}],"line":115},"25":{"loc":{"start":{"line":115,"column":6},"end":{"line":115,"column":62}},"type":"binary-expr","locations":[{"start":{"line":115,"column":6},"end":{"line":115,"column":11}},{"start":{"line":115,"column":15},"end":{"line":115,"column":39}},{"start":{"line":115,"column":43},"end":{"line":115,"column":62}}],"line":115}},"s":{"0":2,"1":98,"2":7,"3":91,"4":7,"5":84,"6":7,"7":77,"8":77,"9":49,"10":28,"11":10,"12":18,"13":103,"14":7,"15":96,"16":48,"17":28,"18":98,"19":98,"20":98,"21":98,"22":98,"23":98,"24":17,"25":17,"26":13,"27":7,"28":13,"29":6,"30":18,"31":17,"32":81,"33":2,"34":55,"35":8,"36":47,"37":58,"38":2},"f":{"0":98,"1":103,"2":48,"3":28,"4":98,"5":13,"6":13,"7":18,"8":55,"9":58},"b":{"0":[7,91],"1":[7,84],"2":[7,77],"3":[49,28],"4":[1,48],"5":[10,18],"6":[28,13],"7":[7,11],"8":[7,4],"9":[1],"10":[7,96],"11":[48,48,48,33],"12":[1],"13":[98,81],"14":[19,79],"15":[17,81],"16":[98,91],"17":[17,15],"18":[7,10],"19":[7,6],"20":[13,7],"21":[7,10],"22":[4,13],"23":[25],"24":[8,47],"25":[55,53,48]},"_coverageSchema":"1a1c01bbd47fc00a2c39e90264f33305004495a9","hash":"b91aad0370477a417994296d2a6001e6bc9d2f84"}
,"/Users/wernerglinka/Documents/Projects/+++smelter/src/renderer/src/lib/utilities/validation/type-validators.js": {"path":"/Users/wernerglinka/Documents/Projects/+++smelter/src/renderer/src/lib/utilities/validation/type-validators.js","statementMap":{"0":{"start":{"line":11,"column":28},"end":{"line":17,"column":1}},"1":{"start":{"line":12,"column":2},"end":{"line":12,"column":64}},"2":{"start":{"line":12,"column":51},"end":{"line":12,"column":64}},"3":{"start":{"line":13,"column":20},"end":{"line":13,"column":35}},"4":{"start":{"line":14,"column":2},"end":{"line":16,"column":4}},"5":{"start":{"line":15,"column":14},"end":{"line":15,"column":93}},"6":{"start":{"line":24,"column":28},"end":{"line":29,"column":1}},"7":{"start":{"line":25,"column":2},"end":{"line":25,"column":41}},"8":{"start":{"line":25,"column":29},"end":{"line":25,"column":41}},"9":{"start":{"line":26,"column":2},"end":{"line":26,"column":46}},"10":{"start":{"line":26,"column":33},"end":{"line":26,"column":46}},"11":{"start":{"line":27,"column":15},"end":{"line":27,"column":30}},"12":{"start":{"line":28,"column":2},"end":{"line":28,"column":32}},"13":{"start":{"line":36,"column":27},"end":{"line":38,"column":1}},"14":{"start":{"line":37,"column":2},"end":{"line":37,"column":58}},"15":{"start":{"line":45,"column":31},"end":{"line":52,"column":1}},"16":{"start":{"line":46,"column":2},"end":{"line":46,"column":80}},"17":{"start":{"line":46,"column":67},"end":{"line":46,"column":80}},"18":{"start":{"line":47,"column":2},"end":{"line":47,"column":52}},"19":{"start":{"line":47,"column":39},"end":{"line":47,"column":52}},"20":{"start":{"line":49,"column":2},"end":{"line":51,"column":4}},"21":{"start":{"line":50,"column":11},"end":{"line":50,"column":89}},"22":{"start":{"line":60,"column":28},"end":{"line":67,"column":1}},"23":{"start":{"line":61,"column":2},"end":{"line":61,"column":46}},"24":{"start":{"line":61,"column":32},"end":{"line":61,"column":46}},"25":{"start":{"line":62,"column":2},"end":{"line":62,"column":41}},"26":{"start":{"line":62,"column":27},"end":{"line":62,"column":41}},"27":{"start":{"line":63,"column":2},"end":{"line":63,"column":43}},"28":{"start":{"line":63,"column":28},"end":{"line":63,"column":43}},"29":{"start":{"line":64,"column":2},"end":{"line":64,"column":36}},"30":{"start":{"line":64,"column":22},"end":{"line":64,"column":36}},"31":{"start":{"line":66,"column":2},"end":{"line":66,"column":22}}},"fnMap":{"0":{"name":"(anonymous_0)","decl":{"start":{"line":11,"column":28},"end":{"line":11,"column":29}},"loc":{"start":{"line":11,"column":39},"end":{"line":17,"column":1}},"line":11},"1":{"name":"(anonymous_1)","decl":{"start":{"line":15,"column":4},"end":{"line":15,"column":5}},"loc":{"start":{"line":15,"column":14},"end":{"line":15,"column":93}},"line":15},"2":{"name":"(anonymous_2)","decl":{"start":{"line":24,"column":28},"end":{"line":24,"column":29}},"loc":{"start":{"line":24,"column":39},"end":{"line":29,"column":1}},"line":24},"3":{"name":"(anonymous_3)","decl":{"start":{"line":36,"column":27},"end":{"line":36,"column":28}},"loc":{"start":{"line":36,"column":38},"end":{"line":38,"column":1}},"line":36},"4":{"name":"(anonymous_4)","decl":{"start":{"line":45,"column":31},"end":{"line":45,"column":32}},"loc":{"start":{"line":45,"column":42},"end":{"line":52,"column":1}},"line":45},"5":{"name":"(anonymous_5)","decl":{"start":{"line":50,"column":4},"end":{"line":50,"column":5}},"loc":{"start":{"line":50,"column":11},"end":{"line":50,"column":89}},"line":50},"6":{"name":"(anonymous_6)","decl":{"start":{"line":60,"column":28},"end":{"line":60,"column":29}},"loc":{"start":{"line":60,"column":44},"end":{"line":67,"column":1}},"line":60}},"branchMap":{"0":{"loc":{"start":{"line":12,"column":2},"end":{"line":12,"column":64}},"type":"if","locations":[{"start":{"line":12,"column":2},"end":{"line":12,"column":64}},{"start":{},"end":{}}],"line":12},"1":{"loc":{"start":{"line":12,"column":6},"end":{"line":12,"column":49}},"type":"binary-expr","locations":[{"start":{"line":12,"column":6},"end":{"line":12,"column":27}},{"start":{"line":12,"column":31},"end":{"line":12,"column":49}}],"line":12},"2":{"loc":{"start":{"line":15,"column":14},"end":{"line":15,"column":93}},"type":"binary-expr","locations":[{"start":{"line":15,"column":14},"end":{"line":15,"column":39}},{"start":{"line":15,"column":44},"end":{"line":15,"column":66}},{"start":{"line":15,"column":70},"end":{"line":15,"column":92}}],"line":15},"3":{"loc":{"start":{"line":25,"column":2},"end":{"line":25,"column":41}},"type":"if","locations":[{"start":{"line":25,"column":2},"end":{"line":25,"column":41}},{"start":{},"end":{}}],"line":25},"4":{"loc":{"start":{"line":26,"column":2},"end":{"line":26,"column":46}},"type":"if","locations":[{"start":{"line":26,"column":2},"end":{"line":26,"column":46}},{"start":{},"end":{}}],"line":26},"5":{"loc":{"start":{"line":37,"column":9},"end":{"line":37,"column":57}},"type":"binary-expr","locations":[{"start":{"line":37,"column":9},"end":{"line":37,"column":30}},{"start":{"line":37,"column":34},"end":{"line":37,"column":57}}],"line":37},"6":{"loc":{"start":{"line":46,"column":2},"end":{"line":46,"column":80}},"type":"if","locations":[{"start":{"line":46,"column":2},"end":{"line":46,"column":80}},{"start":{},"end":{}}],"line":46},"7":{"loc":{"start":{"line":46,"column":6},"end":{"line":46,"column":65}},"type":"binary-expr","locations":[{"start":{"line":46,"column":6},"end":{"line":46,"column":12}},{"start":{"line":46,"column":16},"end":{"line":46,"column":41}},{"start":{"line":46,"column":45},"end":{"line":46,"column":65}}],"line":46},"8":{"loc":{"start":{"line":47,"column":2},"end":{"line":47,"column":52}},"type":"if","locations":[{"start":{"line":47,"column":2},"end":{"line":47,"column":52}},{"start":{},"end":{}}],"line":47},"9":{"loc":{"start":{"line":50,"column":11},"end":{"line":50,"column":89}},"type":"binary-expr","locations":[{"start":{"line":50,"column":11},"end":{"line":50,"column":28}},{"start":{"line":50,"column":32},"end":{"line":50,"column":48}},{"start":{"line":50,"column":53},"end":{"line":50,"column":74}},{"start":{"line":50,"column":78},"end":{"line":50,"column":88}}],"line":50},"10":{"loc":{"start":{"line":61,"column":2},"end":{"line":61,"column":46}},"type":"if","locations":[{"start":{"line":61,"column":2},"end":{"line":61,"column":46}},{"start":{},"end":{}}],"line":61},"11":{"loc":{"start":{"line":62,"column":2},"end":{"line":62,"column":41}},"type":"if","locations":[{"start":{"line":62,"column":2},"end":{"line":62,"column":41}},{"start":{},"end":{}}],"line":62},"12":{"loc":{"start":{"line":63,"column":2},"end":{"line":63,"column":43}},"type":"if","locations":[{"start":{"line":63,"column":2},"end":{"line":63,"column":43}},{"start":{},"end":{}}],"line":63},"13":{"loc":{"start":{"line":64,"column":2},"end":{"line":64,"column":36}},"type":"if","locations":[{"start":{"line":64,"column":2},"end":{"line":64,"column":36}},{"start":{},"end":{}}],"line":64}},"s":{"0":3,"1":123,"2":102,"3":21,"4":21,"5":39,"6":3,"7":114,"8":3,"9":111,"10":50,"11":61,"12":61,"13":3,"14":5,"15":3,"16":11,"17":5,"18":6,"19":1,"20":5,"21":7,"22":3,"23":14,"24":1,"25":13,"26":2,"27":11,"28":2,"29":9,"30":1,"31":8},"f":{"0":123,"1":39,"2":114,"3":5,"4":11,"5":7,"6":14},"b":{"0":[102,21],"1":[123,23],"2":[39,36,15],"3":[3,111],"4":[50,61],"5":[5,2],"6":[5,6],"7":[11,9,7],"8":[1,5],"9":[7,6,5,1],"10":[1,13],"11":[2,11],"12":[2,9],"13":[1,8]},"_coverageSchema":"1a1c01bbd47fc00a2c39e90264f33305004495a9","hash":"bbbf939784f5fee826b129b2cd48a85f85abb6d9"}
}
