TN:
SF:src/renderer/src/lib/form-generation/processors/frontmatter-processor.js
FN:11,(anonymous_0)
FNF:1
FNH:1
FNDA:7,(anonymous_0)
DA:11,1
DA:12,7
DA:13,7
DA:21,7
DA:22,7
DA:27,6
DA:29,1
DA:30,1
LF:8
LH:8
BRF:0
BRH:0
end_of_record
TN:
SF:src/renderer/src/lib/form-generation/schema/convert-js-to-schema.js
FN:8,(anonymous_0)
FN:26,matchSchemaField
FN:33,(anonymous_2)
FN:36,(anonymous_3)
FN:46,createField
FN:70,(anonymous_5)
FN:77,(anonymous_6)
FN:82,(anonymous_7)
FN:113,(anonymous_8)
FN:121,(anonymous_9)
FNF:10
FNH:10
FNDA:98,(anonymous_0)
FNDA:103,matchSchemaField
FNDA:48,(anonymous_2)
FNDA:28,(anonymous_3)
FNDA:98,createField
FNDA:13,(anonymous_5)
FNDA:13,(anonymous_6)
FNDA:18,(anonymous_7)
FNDA:55,(anonymous_8)
FNDA:58,(anonymous_9)
DA:8,2
DA:9,98
DA:10,91
DA:11,84
DA:13,77
DA:14,77
DA:15,28
DA:17,18
DA:27,103
DA:28,7
DA:31,96
DA:34,48
DA:36,28
DA:47,98
DA:48,98
DA:49,98
DA:52,98
DA:62,98
DA:65,98
DA:66,17
DA:69,17
DA:71,13
DA:72,7
DA:77,13
DA:80,6
DA:82,18
DA:84,17
DA:98,81
DA:113,2
DA:115,55
DA:116,8
DA:120,47
DA:121,58
DA:126,2
LF:34
LH:34
BRDA:9,0,0,7
BRDA:9,0,1,91
BRDA:10,1,0,7
BRDA:10,1,1,84
BRDA:11,2,0,7
BRDA:11,2,1,77
BRDA:14,3,0,49
BRDA:14,3,1,28
BRDA:14,4,0,1
BRDA:14,4,1,48
BRDA:15,5,0,10
BRDA:15,5,1,18
BRDA:15,6,0,28
BRDA:15,6,1,13
BRDA:17,7,0,7
BRDA:17,7,1,11
BRDA:17,8,0,7
BRDA:17,8,1,4
BRDA:26,9,0,1
BRDA:27,10,0,7
BRDA:27,10,1,96
BRDA:34,11,0,48
BRDA:34,11,1,48
BRDA:34,11,2,48
BRDA:34,11,3,33
BRDA:46,12,0,1
BRDA:55,13,0,98
BRDA:55,13,1,81
BRDA:62,14,0,19
BRDA:62,14,1,79
BRDA:65,15,0,17
BRDA:65,15,1,81
BRDA:65,16,0,98
BRDA:65,16,1,91
BRDA:66,17,0,17
BRDA:66,17,1,15
BRDA:69,18,0,7
BRDA:69,18,1,10
BRDA:71,19,0,7
BRDA:71,19,1,6
BRDA:71,20,0,13
BRDA:71,20,1,7
BRDA:87,21,0,7
BRDA:87,21,1,10
BRDA:88,22,0,4
BRDA:88,22,1,13
BRDA:113,23,0,25
BRDA:115,24,0,8
BRDA:115,24,1,47
BRDA:115,25,0,55
BRDA:115,25,1,53
BRDA:115,25,2,48
BRF:52
BRH:52
end_of_record
TN:
SF:src/renderer/src/lib/utilities/validation/type-validators.js
FN:11,(anonymous_0)
FN:15,(anonymous_1)
FN:24,(anonymous_2)
FN:36,(anonymous_3)
FN:45,(anonymous_4)
FN:50,(anonymous_5)
FN:60,(anonymous_6)
FNF:7
FNH:7
FNDA:123,(anonymous_0)
FNDA:39,(anonymous_1)
FNDA:114,(anonymous_2)
FNDA:5,(anonymous_3)
FNDA:11,(anonymous_4)
FNDA:7,(anonymous_5)
FNDA:14,(anonymous_6)
DA:11,3
DA:12,123
DA:13,21
DA:14,21
DA:15,39
DA:24,3
DA:25,114
DA:26,111
DA:27,61
DA:28,61
DA:36,3
DA:37,5
DA:45,3
DA:46,11
DA:47,6
DA:49,5
DA:50,7
DA:60,3
DA:61,14
DA:62,13
DA:63,11
DA:64,9
DA:66,8
LF:23
LH:23
BRDA:12,0,0,102
BRDA:12,0,1,21
BRDA:12,1,0,123
BRDA:12,1,1,23
BRDA:15,2,0,39
BRDA:15,2,1,36
BRDA:15,2,2,15
BRDA:25,3,0,3
BRDA:25,3,1,111
BRDA:26,4,0,50
BRDA:26,4,1,61
BRDA:37,5,0,5
BRDA:37,5,1,2
BRDA:46,6,0,5
BRDA:46,6,1,6
BRDA:46,7,0,11
BRDA:46,7,1,9
BRDA:46,7,2,7
BRDA:47,8,0,1
BRDA:47,8,1,5
BRDA:50,9,0,7
BRDA:50,9,1,6
BRDA:50,9,2,5
BRDA:50,9,3,1
BRDA:61,10,0,1
BRDA:61,10,1,13
BRDA:62,11,0,2
BRDA:62,11,1,11
BRDA:63,12,0,2
BRDA:63,12,1,9
BRDA:64,13,0,1
BRDA:64,13,1,8
BRF:32
BRH:32
end_of_record
