TN:
SF:src/renderer/src/lib/form-generation/processors/frontmatter-processor.js
FN:11,(anonymous_0)
FNF:1
FNH:1
FNDA:7,(anonymous_0)
DA:11,1
DA:12,7
DA:13,7
DA:21,7
DA:22,7
DA:27,6
DA:29,1
DA:30,1
LF:8
LH:8
BRF:0
BRH:0
end_of_record
TN:
SF:src/renderer/src/lib/form-generation/schema/convert-js-to-schema.js
FN:8,(anonymous_0)
FN:26,matchSchemaField
FN:27,(anonymous_2)
FN:37,createField
FN:61,(anonymous_4)
FN:68,(anonymous_5)
FN:73,(anonymous_6)
FN:104,convertToSchemaObject
FN:106,(anonymous_8)
FNF:9
FNH:9
FNDA:68,(anonymous_0)
FNDA:68,matchSchemaField
FNDA:21,(anonymous_2)
FNDA:68,createField
FNDA:13,(anonymous_4)
FNDA:13,(anonymous_5)
FNDA:16,(anonymous_6)
FNDA:22,convertToSchemaObject
FNDA:33,(anonymous_8)
DA:8,2
DA:9,68
DA:10,63
DA:11,56
DA:13,49
DA:14,49
DA:15,24
DA:17,16
DA:27,68
DA:38,68
DA:39,68
DA:40,68
DA:43,68
DA:53,68
DA:56,68
DA:57,15
DA:60,15
DA:62,13
DA:63,7
DA:68,13
DA:71,6
DA:73,16
DA:75,15
DA:89,53
DA:105,22
DA:106,33
LF:26
LH:26
BRDA:9,0,0,5
BRDA:9,0,1,63
BRDA:10,1,0,7
BRDA:10,1,1,56
BRDA:11,2,0,7
BRDA:11,2,1,49
BRDA:14,3,0,25
BRDA:14,3,1,24
BRDA:14,4,0,1
BRDA:14,4,1,24
BRDA:15,5,0,8
BRDA:15,5,1,16
BRDA:15,6,0,24
BRDA:15,6,1,10
BRDA:17,7,0,7
BRDA:17,7,1,9
BRDA:17,8,0,7
BRDA:17,8,1,2
BRDA:26,9,0,0
BRDA:37,10,0,0
BRDA:46,11,0,68
BRDA:46,11,1,60
BRDA:53,12,0,8
BRDA:53,12,1,60
BRDA:56,13,0,15
BRDA:56,13,1,53
BRDA:56,14,0,68
BRDA:56,14,1,61
BRDA:57,15,0,15
BRDA:57,15,1,13
BRDA:60,16,0,7
BRDA:60,16,1,8
BRDA:62,17,0,7
BRDA:62,17,1,6
BRDA:62,18,0,13
BRDA:62,18,1,7
BRDA:78,19,0,7
BRDA:78,19,1,8
BRDA:79,20,0,2
BRDA:79,20,1,13
BRDA:104,21,0,10
BRF:41
BRH:39
end_of_record
TN:
SF:src/renderer/src/lib/utilities/validation/type-validators.js
FN:11,(anonymous_0)
FN:15,(anonymous_1)
FN:24,(anonymous_2)
FN:36,(anonymous_3)
FN:45,(anonymous_4)
FN:50,(anonymous_5)
FN:60,(anonymous_6)
FNF:7
FNH:7
FNDA:93,(anonymous_0)
FNDA:35,(anonymous_1)
FNDA:86,(anonymous_2)
FNDA:5,(anonymous_3)
FNDA:11,(anonymous_4)
FNDA:7,(anonymous_5)
FNDA:14,(anonymous_6)
DA:11,3
DA:12,93
DA:13,19
DA:14,19
DA:15,35
DA:24,3
DA:25,86
DA:26,83
DA:27,37
DA:28,37
DA:36,3
DA:37,5
DA:45,3
DA:46,11
DA:47,6
DA:49,5
DA:50,7
DA:60,3
DA:61,14
DA:62,13
DA:63,11
DA:64,9
DA:66,8
LF:23
LH:23
BRDA:12,0,0,74
BRDA:12,0,1,19
BRDA:12,1,0,93
BRDA:12,1,1,21
BRDA:15,2,0,35
BRDA:15,2,1,32
BRDA:15,2,2,15
BRDA:25,3,0,3
BRDA:25,3,1,83
BRDA:26,4,0,46
BRDA:26,4,1,37
BRDA:37,5,0,5
BRDA:37,5,1,2
BRDA:46,6,0,5
BRDA:46,6,1,6
BRDA:46,7,0,11
BRDA:46,7,1,9
BRDA:46,7,2,7
BRDA:47,8,0,1
BRDA:47,8,1,5
BRDA:50,9,0,7
BRDA:50,9,1,6
BRDA:50,9,2,5
BRDA:50,9,3,1
BRDA:61,10,0,1
BRDA:61,10,1,13
BRDA:62,11,0,2
BRDA:62,11,1,11
BRDA:63,12,0,2
BRDA:63,12,1,9
BRDA:64,13,0,1
BRDA:64,13,1,8
BRF:32
BRH:32
end_of_record
